Release 14.7 - xst P.20131013 (lin64)
Copyright (c) 1995-2013 Xilinx, Inc.  All rights reserved.
--> 
Parameter TMPDIR set to xst/projnav.tmp


Total REAL time to Xst completion: 0.00 secs
Total CPU time to Xst completion: 0.01 secs
 
--> 
Parameter xsthdpdir set to xst


Total REAL time to Xst completion: 0.00 secs
Total CPU time to Xst completion: 0.01 secs
 
--> 
Reading design: Dem_BCD_0_31_UpDown.prj

TABLE OF CONTENTS
  1) Synthesis Options Summary
  2) HDL Compilation
  3) Design Hierarchy Analysis
  4) HDL Analysis
  5) HDL Synthesis
     5.1) HDL Synthesis Report
  6) Advanced HDL Synthesis
     6.1) Advanced HDL Synthesis Report
  7) Low Level Synthesis
  8) Partition Report
  9) Final Report
	9.1) Device utilization summary
	9.2) Partition Resource Summary
	9.3) TIMING REPORT


=========================================================================
*                      Synthesis Options Summary                        *
=========================================================================
---- Source Parameters
Input File Name                    : "Dem_BCD_0_31_UpDown.prj"
Input Format                       : mixed
Ignore Synthesis Constraint File   : NO

---- Target Parameters
Output File Name                   : "Dem_BCD_0_31_UpDown"
Output Format                      : NGC
Target Device                      : xc3s500e-4-fg320

---- Source Options
Top Module Name                    : Dem_BCD_0_31_UpDown
Automatic FSM Extraction           : YES
FSM Encoding Algorithm             : Auto
Safe Implementation                : No
FSM Style                          : LUT
RAM Extraction                     : Yes
RAM Style                          : Auto
ROM Extraction                     : Yes
Mux Style                          : Auto
Decoder Extraction                 : YES
Priority Encoder Extraction        : Yes
Shift Register Extraction          : YES
Logical Shifter Extraction         : YES
XOR Collapsing                     : YES
ROM Style                          : Auto
Mux Extraction                     : Yes
Resource Sharing                   : YES
Asynchronous To Synchronous        : NO
Multiplier Style                   : Auto
Automatic Register Balancing       : No

---- Target Options
Add IO Buffers                     : YES
Global Maximum Fanout              : 500
Add Generic Clock Buffer(BUFG)     : 24
Register Duplication               : YES
Slice Packing                      : YES
Optimize Instantiated Primitives   : NO
Use Clock Enable                   : Yes
Use Synchronous Set                : Yes
Use Synchronous Reset              : Yes
Pack IO Registers into IOBs        : Auto
Equivalent register Removal        : YES

---- General Options
Optimization Goal                  : Speed
Optimization Effort                : 1
Keep Hierarchy                     : No
Netlist Hierarchy                  : As_Optimized
RTL Output                         : Yes
Global Optimization                : AllClockNets
Read Cores                         : YES
Write Timing Constraints           : NO
Cross Clock Analysis               : NO
Hierarchy Separator                : /
Bus Delimiter                      : <>
Case Specifier                     : Maintain
Slice Utilization Ratio            : 100
BRAM Utilization Ratio             : 100
Verilog 2001                       : YES
Auto BRAM Packing                  : NO
Slice Utilization Ratio Delta      : 5

=========================================================================


=========================================================================
*                          HDL Compilation                              *
=========================================================================
Compiling verilog file "SynCounter4bit_UpDown.v" in library work
Compiling verilog file "Dem_BCD_0_31_UpDown.v" in library work
Module <SynCounter4bit_UpDown> compiled
Module <Dem_BCD_0_31_UpDown> compiled
No errors in compilation
Analysis of file <"Dem_BCD_0_31_UpDown.prj"> succeeded.
 

=========================================================================
*                     Design Hierarchy Analysis                         *
=========================================================================
Analyzing hierarchy for module <Dem_BCD_0_31_UpDown> in library <work>.

Analyzing hierarchy for module <SynCounter4bit_UpDown> in library <work>.


=========================================================================
*                            HDL Analysis                               *
=========================================================================
Analyzing top module <Dem_BCD_0_31_UpDown>.
Module <Dem_BCD_0_31_UpDown> is correct for synthesis.
 
Analyzing module <SynCounter4bit_UpDown> in library <work>.
Module <SynCounter4bit_UpDown> is correct for synthesis.
 

=========================================================================
*                           HDL Synthesis                               *
=========================================================================

Performing bidirectional port resolution...

Synthesizing Unit <SynCounter4bit_UpDown>.
    Related source file is "SynCounter4bit_UpDown.v".
    Found 4-bit register for signal <q>.
    Found 4-bit comparator equal for signal <carry$cmp_eq0000> created at line 51.
    Found 4-bit addsub for signal <q$share0000>.
    Summary:
	inferred   4 D-type flip-flop(s).
	inferred   1 Adder/Subtractor(s).
	inferred   1 Comparator(s).
Unit <SynCounter4bit_UpDown> synthesized.


Synthesizing Unit <Dem_BCD_0_31_UpDown>.
    Related source file is "Dem_BCD_0_31_UpDown.v".
    Found 1-bit register for signal <direction>.
    Summary:
	inferred   1 D-type flip-flop(s).
Unit <Dem_BCD_0_31_UpDown> synthesized.

INFO:Xst:1767 - HDL ADVISOR - Resource sharing has identified that some arithmetic operations in this design can share the same physical resources for reduced device utilization. For improved clock frequency you may try to disable resource sharing.

=========================================================================
HDL Synthesis Report

Macro Statistics
# Adders/Subtractors                                   : 2
 4-bit addsub                                          : 2
# Registers                                            : 3
 1-bit register                                        : 1
 4-bit register                                        : 2
# Comparators                                          : 2
 4-bit comparator equal                                : 2

=========================================================================

=========================================================================
*                       Advanced HDL Synthesis                          *
=========================================================================


=========================================================================
Advanced HDL Synthesis Report

Macro Statistics
# Adders/Subtractors                                   : 2
 4-bit addsub                                          : 2
# Registers                                            : 9
 Flip-Flops                                            : 9
# Comparators                                          : 2
 4-bit comparator equal                                : 2

=========================================================================

=========================================================================
*                         Low Level Synthesis                           *
=========================================================================

Optimizing unit <Dem_BCD_0_31_UpDown> ...

Optimizing unit <SynCounter4bit_UpDown> ...

Mapping all equations...
Building and optimizing final netlist ...
Found area constraint ratio of 100 (+ 5) on block Dem_BCD_0_31_UpDown, actual ratio is 0.

Final Macro Processing ...

=========================================================================
Final Register Report

Macro Statistics
# Registers                                            : 9
 Flip-Flops                                            : 9

=========================================================================

=========================================================================
*                           Partition Report                            *
=========================================================================

Partition Implementation Status
-------------------------------

  No Partitions were found in this design.

-------------------------------

=========================================================================
*                            Final Report                               *
=========================================================================
Final Results
RTL Top Level Output File Name     : Dem_BCD_0_31_UpDown.ngr
Top Level Output File Name         : Dem_BCD_0_31_UpDown
Output Format                      : NGC
Optimization Goal                  : Speed
Keep Hierarchy                     : No

Design Statistics
# IOs                              : 11

Cell Usage :
# BELS                             : 28
#      INV                         : 2
#      LUT2                        : 3
#      LUT3                        : 3
#      LUT3_D                      : 2
#      LUT4                        : 11
#      LUT4_D                      : 2
#      LUT4_L                      : 4
#      MUXF5                       : 1
# FlipFlops/Latches                : 9
#      FDCE                        : 8
#      FDPE                        : 1
# Clock Buffers                    : 1
#      BUFGP                       : 1
# IO Buffers                       : 10
#      IBUF                        : 2
#      OBUF                        : 8
=========================================================================

Device utilization summary:
---------------------------

Selected Device : 3s500efg320-4 

 Number of Slices:                       13  out of   4656     0%  
 Number of Slice Flip Flops:              9  out of   9312     0%  
 Number of 4 input LUTs:                 27  out of   9312     0%  
 Number of IOs:                          11
 Number of bonded IOBs:                  11  out of    232     4%  
 Number of GCLKs:                         1  out of     24     4%  

---------------------------
Partition Resource Summary:
---------------------------

  No Partitions were found in this design.

---------------------------


=========================================================================
TIMING REPORT

NOTE: THESE TIMING NUMBERS ARE ONLY A SYNTHESIS ESTIMATE.
      FOR ACCURATE TIMING INFORMATION PLEASE REFER TO THE TRACE REPORT
      GENERATED AFTER PLACE-and-ROUTE.

Clock Information:
------------------
-----------------------------------+------------------------+-------+
Clock Signal                       | Clock buffer(FF name)  | Load  |
-----------------------------------+------------------------+-------+
clk                                | BUFGP                  | 9     |
-----------------------------------+------------------------+-------+

Asynchronous Control Signals Information:
----------------------------------------
-----------------------------------+------------------------+-------+
Control Signal                     | Buffer(FF name)        | Load  |
-----------------------------------+------------------------+-------+
reset                              | IBUF                   | 9     |
-----------------------------------+------------------------+-------+

Timing Summary:
---------------
Speed Grade: -4

   Minimum period: 4.874ns (Maximum Frequency: 205.170MHz)
   Minimum input arrival time before clock: 3.908ns
   Maximum output required time after clock: 4.745ns
   Maximum combinational path delay: No path found

Timing Detail:
--------------
All values displayed in nanoseconds (ns)

=========================================================================
Timing constraint: Default period analysis for Clock 'clk'
  Clock period: 4.874ns (frequency: 205.170MHz)
  Total number of paths / destination ports: 113 / 13
-------------------------------------------------------------------------
Delay:               4.874ns (Levels of Logic = 3)
  Source:            count_0_3/q_3 (FF)
  Destination:       direction (FF)
  Source Clock:      clk rising
  Destination Clock: clk rising

  Data Path: count_0_3/q_3 to direction
                                Gate     Net
    Cell:in->out      fanout   Delay   Delay  Logical Name (Net Name)
    ----------------------------------------  ------------
     FDCE:C->Q             6   0.591   0.844  count_0_3/q_3 (count_0_3/q_3)
     LUT4:I0->O            1   0.704   0.595  direction_mux000061 (count_0_3/borrow_cmp_eq0000)
     LUT2:I0->O            1   0.704   0.424  direction_mux000062 (direction_mux000062)
     LUT4:I3->O            1   0.704   0.000  direction_mux000075 (direction_mux0000)
     FDPE:D                    0.308          direction
    ----------------------------------------
    Total                      4.874ns (3.011ns logic, 1.863ns route)
                                       (61.8% logic, 38.2% route)

=========================================================================
Timing constraint: Default OFFSET IN BEFORE for Clock 'clk'
  Total number of paths / destination ports: 9 / 9
-------------------------------------------------------------------------
Offset:              3.908ns (Levels of Logic = 2)
  Source:            enable (PAD)
  Destination:       count_0_3/q_3 (FF)
  Destination Clock: clk rising

  Data Path: enable to count_0_3/q_3
                                Gate     Net
    Cell:in->out      fanout   Delay   Delay  Logical Name (Net Name)
    ----------------------------------------  ------------
     IBUF:I->O             6   1.218   0.844  enable_IBUF (enable_IBUF)
     LUT4:I0->O            4   0.704   0.587  _and00001 (_and0000)
     FDCE:CE                   0.555          count_0_3/q_0
    ----------------------------------------
    Total                      3.908ns (2.477ns logic, 1.431ns route)
                                       (63.4% logic, 36.6% route)

=========================================================================
Timing constraint: Default OFFSET OUT AFTER for Clock 'clk'
  Total number of paths / destination ports: 8 / 8
-------------------------------------------------------------------------
Offset:              4.745ns (Levels of Logic = 1)
  Source:            count_0_9/q_2 (FF)
  Destination:       q0<2> (PAD)
  Source Clock:      clk rising

  Data Path: count_0_9/q_2 to q0<2>
                                Gate     Net
    Cell:in->out      fanout   Delay   Delay  Logical Name (Net Name)
    ----------------------------------------  ------------
     FDCE:C->Q            10   0.591   0.882  count_0_9/q_2 (count_0_9/q_2)
     OBUF:I->O                 3.272          q0_2_OBUF (q0<2>)
    ----------------------------------------
    Total                      4.745ns (3.863ns logic, 0.882ns route)
                                       (81.4% logic, 18.6% route)

=========================================================================


Total REAL time to Xst completion: 3.00 secs
Total CPU time to Xst completion: 0.83 secs
 
--> 


Total memory usage is 607124 kilobytes

Number of errors   :    0 (   0 filtered)
Number of warnings :    0 (   0 filtered)
Number of infos    :    1 (   0 filtered)

