Running: /opt/Xilinx/14.7/ISE_DS/ISE/bin/lin64/unwrapped/fuse -intstyle ise -incremental -lib unisims_ver -lib unimacro_ver -lib xilinxcorelib_ver -o /home/ise/Working_Space/Week8/TM1638/Testbench_Dem_BCD_0_59_isim_beh.exe -prj /home/ise/Working_Space/Week8/TM1638/Testbench_Dem_BCD_0_59_beh.prj work.Testbench_Dem_BCD_0_59 work.glbl 
ISim P.20131013 (signature 0xfbc00daa)
Number of CPUs detected in this system: 1
Turning on mult-threading, number of parallel sub-compilation jobs: 0 
Determining compilation order of HDL files
Analyzing Verilog file "/home/ise/Working_Space/Week8/TM1638/SynCounter4bit_WithEnable.v" into library work
Analyzing Verilog file "/home/ise/Working_Space/Week8/TM1638/Dem_BCD_0_59.v" into library work
Analyzing Verilog file "/home/ise/Working_Space/Week8/TM1638/Testbench_Dem_BCD_0_59.v" into library work
Analyzing Verilog file "/opt/Xilinx/14.7/ISE_DS/ISE//verilog/src/glbl.v" into library work
Starting static elaboration
Completed static elaboration
Fuse Memory Usage: 94924 KB
Fuse CPU Usage: 1010 ms
Compiling module SynCounter4bit_WithEnable
Compiling module Dem_BCD_0_59
Compiling module Testbench_Dem_BCD_0_59
Compiling module glbl
Time Resolution for simulation is 1ps.
Compiled 4 Verilog Units
Built simulation executable /home/ise/Working_Space/Week8/TM1638/Testbench_Dem_BCD_0_59_isim_beh.exe
Fuse Memory Usage: 98032 KB
Fuse CPU Usage: 1020 ms
GCC CPU Usage: 130 ms
