Release 14.7 - xst P.20131013 (lin64)
Copyright (c) 1995-2013 Xilinx, Inc.  All rights reserved.
--> 
Parameter TMPDIR set to xst/projnav.tmp


Total REAL time to Xst completion: 0.00 secs
Total CPU time to Xst completion: 0.01 secs
 
--> 
Parameter xsthdpdir set to xst


Total REAL time to Xst completion: 0.00 secs
Total CPU time to Xst completion: 0.01 secs
 
--> 
Reading design: TM1638.prj

TABLE OF CONTENTS
  1) Synthesis Options Summary
  2) HDL Compilation
  3) Design Hierarchy Analysis
  4) HDL Analysis
  5) HDL Synthesis
     5.1) HDL Synthesis Report
  6) Advanced HDL Synthesis
     6.1) Advanced HDL Synthesis Report
  7) Low Level Synthesis
  8) Partition Report
  9) Final Report
	9.1) Device utilization summary
	9.2) Partition Resource Summary
	9.3) TIMING REPORT


=========================================================================
*                      Synthesis Options Summary                        *
=========================================================================
---- Source Parameters
Input File Name                    : "TM1638.prj"
Input Format                       : mixed
Ignore Synthesis Constraint File   : NO

---- Target Parameters
Output File Name                   : "TM1638"
Output Format                      : NGC
Target Device                      : xc3s500e-4-fg320

---- Source Options
Top Module Name                    : TM1638
Automatic FSM Extraction           : YES
FSM Encoding Algorithm             : Auto
Safe Implementation                : No
FSM Style                          : LUT
RAM Extraction                     : Yes
RAM Style                          : Auto
ROM Extraction                     : Yes
Mux Style                          : Auto
Decoder Extraction                 : YES
Priority Encoder Extraction        : Yes
Shift Register Extraction          : YES
Logical Shifter Extraction         : YES
XOR Collapsing                     : YES
ROM Style                          : Auto
Mux Extraction                     : Yes
Resource Sharing                   : YES
Asynchronous To Synchronous        : NO
Multiplier Style                   : Auto
Automatic Register Balancing       : No

---- Target Options
Add IO Buffers                     : YES
Global Maximum Fanout              : 500
Add Generic Clock Buffer(BUFG)     : 24
Register Duplication               : YES
Slice Packing                      : YES
Optimize Instantiated Primitives   : NO
Use Clock Enable                   : Yes
Use Synchronous Set                : Yes
Use Synchronous Reset              : Yes
Pack IO Registers into IOBs        : Auto
Equivalent register Removal        : YES

---- General Options
Optimization Goal                  : Speed
Optimization Effort                : 1
Keep Hierarchy                     : No
Netlist Hierarchy                  : As_Optimized
RTL Output                         : Yes
Global Optimization                : AllClockNets
Read Cores                         : YES
Write Timing Constraints           : NO
Cross Clock Analysis               : NO
Hierarchy Separator                : /
Bus Delimiter                      : <>
Case Specifier                     : Maintain
Slice Utilization Ratio            : 100
BRAM Utilization Ratio             : 100
Verilog 2001                       : YES
Auto BRAM Packing                  : NO
Slice Utilization Ratio Delta      : 5

=========================================================================


=========================================================================
*                          HDL Compilation                              *
=========================================================================
Compiling verilog file "TM1638.v" in library work
Module <TM1638> compiled
No errors in compilation
Analysis of file <"TM1638.prj"> succeeded.
 

=========================================================================
*                     Design Hierarchy Analysis                         *
=========================================================================
Analyzing hierarchy for module <TM1638> in library <work>.


=========================================================================
*                            HDL Analysis                               *
=========================================================================
Analyzing top module <TM1638>.
	Calling function <sseg>.
	Calling function <sseg>.
	Calling function <sseg>.
	Calling function <sseg>.
	Calling function <sseg>.
	Calling function <sseg>.
	Calling function <sseg>.
	Calling function <sseg>.
Module <TM1638> is correct for synthesis.
 

=========================================================================
*                           HDL Synthesis                               *
=========================================================================

Performing bidirectional port resolution...

Synthesizing Unit <TM1638>.
    Related source file is "TM1638.v".
    Found 16x8-bit ROM for signal <sseg/1/sseg>.
    Found 16x8-bit ROM for signal <sseg/2/sseg>.
    Found 16x8-bit ROM for signal <sseg/3/sseg>.
    Found 16x8-bit ROM for signal <sseg/4/sseg>.
    Found 16x8-bit ROM for signal <sseg/5/sseg>.
    Found 16x8-bit ROM for signal <sseg/6/sseg>.
    Found 16x8-bit ROM for signal <sseg/7/sseg>.
    Found 16x8-bit ROM for signal <sseg/8/sseg>.
    Found 1-bit register for signal <clk>.
    Found 1-bit register for signal <dio>.
    Found 1-bit register for signal <stb>.
    Found 8-bit register for signal <command1>.
    Found 33-bit comparator greater for signal <command1$cmp_gt0000> created at line 100.
    Found 33-bit comparator less for signal <command1$cmp_lt0000> created at line 100.
    Found 8-bit register for signal <command2>.
    Found 33-bit comparator greater for signal <command2$cmp_gt0000> created at line 111.
    Found 33-bit comparator less for signal <command2$cmp_lt0000> created at line 111.
    Found 8-bit register for signal <command3>.
    Found 33-bit comparator greater for signal <command3$cmp_gt0000> created at line 127.
    Found 33-bit comparator less for signal <command3$cmp_lt0000> created at line 127.
    Found 32-bit register for signal <cs>.
    Found 32-bit adder for signal <cs$add0000> created at line 138.
    Found 128-bit register for signal <leddatahold>.
    Found 33-bit comparator greater for signal <leddatahold$cmp_gt0000> created at line 116.
    Found 33-bit comparator less for signal <leddatahold$cmp_lt0000> created at line 116.
    Found 33-bit comparator greatequal for signal <old_cs_2$cmp_ge0000> created at line 100.
    Found 33-bit comparator greatequal for signal <old_cs_2$cmp_ge0001> created at line 111.
    Found 33-bit comparator greatequal for signal <old_cs_2$cmp_ge0002> created at line 116.
    Found 33-bit comparator greatequal for signal <old_cs_2$cmp_ge0003> created at line 127.
    Found 33-bit comparator lessequal for signal <old_cs_2$cmp_le0000> created at line 100.
    Found 33-bit comparator lessequal for signal <old_cs_2$cmp_le0001> created at line 111.
    Found 33-bit comparator lessequal for signal <old_cs_2$cmp_le0002> created at line 116.
    Found 33-bit comparator lessequal for signal <old_cs_2$cmp_le0003> created at line 127.
    Summary:
	inferred   8 ROM(s).
	inferred 187 D-type flip-flop(s).
	inferred   1 Adder/Subtractor(s).
	inferred  16 Comparator(s).
Unit <TM1638> synthesized.


=========================================================================
HDL Synthesis Report

Macro Statistics
# ROMs                                                 : 8
 16x8-bit ROM                                          : 8
# Adders/Subtractors                                   : 1
 32-bit adder                                          : 1
# Registers                                            : 8
 1-bit register                                        : 3
 128-bit register                                      : 1
 32-bit register                                       : 1
 8-bit register                                        : 3
# Comparators                                          : 16
 33-bit comparator greatequal                          : 4
 33-bit comparator greater                             : 4
 33-bit comparator less                                : 4
 33-bit comparator lessequal                           : 4

=========================================================================

=========================================================================
*                       Advanced HDL Synthesis                          *
=========================================================================

WARNING:Xst:1293 - FF/Latch <command1_7> has a constant value of 0 in block <TM1638>. This FF/Latch will be trimmed during the optimization process.
WARNING:Xst:1895 - Due to other FF/Latch trimming, FF/Latch <leddatahold_121> (without init value) has a constant value of 0 in block <TM1638>. This FF/Latch will be trimmed during the optimization process.
WARNING:Xst:1895 - Due to other FF/Latch trimming, FF/Latch <leddatahold_122> (without init value) has a constant value of 0 in block <TM1638>. This FF/Latch will be trimmed during the optimization process.
WARNING:Xst:1895 - Due to other FF/Latch trimming, FF/Latch <leddatahold_123> (without init value) has a constant value of 0 in block <TM1638>. This FF/Latch will be trimmed during the optimization process.
WARNING:Xst:1895 - Due to other FF/Latch trimming, FF/Latch <leddatahold_124> (without init value) has a constant value of 0 in block <TM1638>. This FF/Latch will be trimmed during the optimization process.
WARNING:Xst:1895 - Due to other FF/Latch trimming, FF/Latch <leddatahold_125> (without init value) has a constant value of 0 in block <TM1638>. This FF/Latch will be trimmed during the optimization process.
WARNING:Xst:1895 - Due to other FF/Latch trimming, FF/Latch <leddatahold_126> (without init value) has a constant value of 0 in block <TM1638>. This FF/Latch will be trimmed during the optimization process.
WARNING:Xst:1895 - Due to other FF/Latch trimming, FF/Latch <leddatahold_127> (without init value) has a constant value of 0 in block <TM1638>. This FF/Latch will be trimmed during the optimization process.
WARNING:Xst:2404 -  FFs/Latches <leddatahold<127:127>> (without init value) have a constant value of 0 in block <TM1638>.
WARNING:Xst:2404 -  FFs/Latches <leddatahold<126:126>> (without init value) have a constant value of 0 in block <TM1638>.
WARNING:Xst:2404 -  FFs/Latches <leddatahold<125:125>> (without init value) have a constant value of 0 in block <TM1638>.

=========================================================================
Advanced HDL Synthesis Report

Macro Statistics
# ROMs                                                 : 8
 16x8-bit ROM                                          : 8
# Adders/Subtractors                                   : 1
 32-bit adder                                          : 1
# Registers                                            : 184
 Flip-Flops                                            : 184
# Comparators                                          : 16
 33-bit comparator greatequal                          : 4
 33-bit comparator greater                             : 4
 33-bit comparator less                                : 4
 33-bit comparator lessequal                           : 4

=========================================================================

=========================================================================
*                         Low Level Synthesis                           *
=========================================================================
WARNING:Xst:1293 - FF/Latch <command1_7> has a constant value of 0 in block <TM1638>. This FF/Latch will be trimmed during the optimization process.
WARNING:Xst:1895 - Due to other FF/Latch trimming, FF/Latch <leddatahold_121> (without init value) has a constant value of 0 in block <TM1638>. This FF/Latch will be trimmed during the optimization process.
WARNING:Xst:1895 - Due to other FF/Latch trimming, FF/Latch <leddatahold_122> (without init value) has a constant value of 0 in block <TM1638>. This FF/Latch will be trimmed during the optimization process.
WARNING:Xst:1895 - Due to other FF/Latch trimming, FF/Latch <leddatahold_123> (without init value) has a constant value of 0 in block <TM1638>. This FF/Latch will be trimmed during the optimization process.
WARNING:Xst:1895 - Due to other FF/Latch trimming, FF/Latch <leddatahold_124> (without init value) has a constant value of 0 in block <TM1638>. This FF/Latch will be trimmed during the optimization process.

Optimizing unit <TM1638> ...

Mapping all equations...
Building and optimizing final netlist ...
Found area constraint ratio of 100 (+ 5) on block TM1638, actual ratio is 3.

Final Macro Processing ...

Processing Unit <TM1638> :
	Found 4-bit shift register for signal <command3_0>.
INFO:Xst:741 - HDL ADVISOR - A 6-bit shift register was found for signal <command2_0> and currently occupies 6 logic cells (3 slices). Removing the set/reset logic would take advantage of SRL16 (and derived) primitives and reduce this to 1 logic cells (1 slices). Evaluate if the set/reset can be removed for this simple shift register. The majority of simple pipeline structures do not need to be set/reset operationally.
INFO:Xst:741 - HDL ADVISOR - A 6-bit shift register was found for signal <command1_0> and currently occupies 6 logic cells (3 slices). Removing the set/reset logic would take advantage of SRL16 (and derived) primitives and reduce this to 1 logic cells (1 slices). Evaluate if the set/reset can be removed for this simple shift register. The majority of simple pipeline structures do not need to be set/reset operationally.
Unit <TM1638> processed.

=========================================================================
Final Register Report

Macro Statistics
# Registers                                            : 175
 Flip-Flops                                            : 175
# Shift Registers                                      : 1
 4-bit shift register                                  : 1

=========================================================================

=========================================================================
*                           Partition Report                            *
=========================================================================

Partition Implementation Status
-------------------------------

  No Partitions were found in this design.

-------------------------------

=========================================================================
*                            Final Report                               *
=========================================================================
Final Results
RTL Top Level Output File Name     : TM1638.ngr
Top Level Output File Name         : TM1638
Output Format                      : NGC
Optimization Goal                  : Speed
Keep Hierarchy                     : No

Design Statistics
# IOs                              : 44

Cell Usage :
# BELS                             : 514
#      GND                         : 1
#      INV                         : 13
#      LUT1                        : 20
#      LUT2                        : 76
#      LUT2_D                      : 2
#      LUT2_L                      : 1
#      LUT3                        : 76
#      LUT3_D                      : 1
#      LUT4                        : 151
#      LUT4_D                      : 5
#      LUT4_L                      : 3
#      MUXCY                       : 132
#      VCC                         : 1
#      XORCY                       : 32
# FlipFlops/Latches                : 180
#      FD                          : 32
#      FDE                         : 124
#      FDRE                        : 16
#      FDSE                        : 8
# Shift Registers                  : 1
#      SRL16E                      : 1
# Clock Buffers                    : 1
#      BUFGP                       : 1
# IO Buffers                       : 43
#      IBUF                        : 40
#      OBUF                        : 3
=========================================================================

Device utilization summary:
---------------------------

Selected Device : 3s500efg320-4 

 Number of Slices:                      188  out of   4656     4%  
 Number of Slice Flip Flops:            180  out of   9312     1%  
 Number of 4 input LUTs:                349  out of   9312     3%  
    Number used as logic:               348
    Number used as Shift registers:       1
 Number of IOs:                          44
 Number of bonded IOBs:                  44  out of    232    18%  
 Number of GCLKs:                         1  out of     24     4%  

---------------------------
Partition Resource Summary:
---------------------------

  No Partitions were found in this design.

---------------------------


=========================================================================
TIMING REPORT

NOTE: THESE TIMING NUMBERS ARE ONLY A SYNTHESIS ESTIMATE.
      FOR ACCURATE TIMING INFORMATION PLEASE REFER TO THE TRACE REPORT
      GENERATED AFTER PLACE-and-ROUTE.

Clock Information:
------------------
-----------------------------------+------------------------+-------+
Clock Signal                       | Clock buffer(FF name)  | Load  |
-----------------------------------+------------------------+-------+
clkinput                           | BUFGP                  | 181   |
-----------------------------------+------------------------+-------+

Asynchronous Control Signals Information:
----------------------------------------
No asynchronous control signals found in this design

Timing Summary:
---------------
Speed Grade: -4

   Minimum period: 11.262ns (Maximum Frequency: 88.794MHz)
   Minimum input arrival time before clock: 4.316ns
   Maximum output required time after clock: 4.532ns
   Maximum combinational path delay: No path found

Timing Detail:
--------------
All values displayed in nanoseconds (ns)

=========================================================================
Timing constraint: Default period analysis for Clock 'clkinput'
  Clock period: 11.262ns (frequency: 88.794MHz)
  Total number of paths / destination ports: 159688 / 350
-------------------------------------------------------------------------
Delay:               11.262ns (Levels of Logic = 40)
  Source:            cs_26 (FF)
  Destination:       cs_31 (FF)
  Source Clock:      clkinput rising
  Destination Clock: clkinput rising

  Data Path: cs_26 to cs_31
                                Gate     Net
    Cell:in->out      fanout   Delay   Delay  Logical Name (Net Name)
    ----------------------------------------  ------------
     FD:C->Q              10   0.591   1.057  cs_26 (cs_26)
     LUT2:I0->O            1   0.704   0.000  old_cs_2_cmp_eq00001_wg_lut<0> (old_cs_2_cmp_eq00001_wg_lut<0>)
     MUXCY:S->O            1   0.464   0.000  old_cs_2_cmp_eq00001_wg_cy<0> (old_cs_2_cmp_eq00001_wg_cy<0>)
     MUXCY:CI->O           1   0.059   0.000  old_cs_2_cmp_eq00001_wg_cy<1> (old_cs_2_cmp_eq00001_wg_cy<1>)
     MUXCY:CI->O           1   0.059   0.000  old_cs_2_cmp_eq00001_wg_cy<2> (old_cs_2_cmp_eq00001_wg_cy<2>)
     MUXCY:CI->O           1   0.059   0.000  old_cs_2_cmp_eq00001_wg_cy<3> (old_cs_2_cmp_eq00001_wg_cy<3>)
     MUXCY:CI->O           1   0.059   0.000  old_cs_2_cmp_eq00001_wg_cy<4> (old_cs_2_cmp_eq00001_wg_cy<4>)
     MUXCY:CI->O           1   0.059   0.000  old_cs_2_cmp_eq00001_wg_cy<5> (old_cs_2_cmp_eq00001_wg_cy<5>)
     MUXCY:CI->O           5   0.459   0.637  old_cs_2_cmp_eq00001_wg_cy<6> (old_cs_2_cmp_eq00001_wg_cy<6>)
     LUT4_D:I3->O         20   0.704   1.137  old_cs_2_cmp_eq00001 (old_cs_2_cmp_eq0000)
     LUT4:I2->O            5   0.704   0.637  _old_cs_2<10>1139_SW1 (N267)
     LUT4:I3->O            1   0.704   0.000  _old_cs_2<3>1 (_old_cs_2<3>)
     MUXCY:S->O            1   0.464   0.000  Madd_cs_add0000_cy<3> (Madd_cs_add0000_cy<3>)
     MUXCY:CI->O           1   0.059   0.000  Madd_cs_add0000_cy<4> (Madd_cs_add0000_cy<4>)
     MUXCY:CI->O           1   0.059   0.000  Madd_cs_add0000_cy<5> (Madd_cs_add0000_cy<5>)
     MUXCY:CI->O           1   0.059   0.000  Madd_cs_add0000_cy<6> (Madd_cs_add0000_cy<6>)
     MUXCY:CI->O           1   0.059   0.000  Madd_cs_add0000_cy<7> (Madd_cs_add0000_cy<7>)
     MUXCY:CI->O           1   0.059   0.000  Madd_cs_add0000_cy<8> (Madd_cs_add0000_cy<8>)
     MUXCY:CI->O           1   0.059   0.000  Madd_cs_add0000_cy<9> (Madd_cs_add0000_cy<9>)
     MUXCY:CI->O           1   0.059   0.000  Madd_cs_add0000_cy<10> (Madd_cs_add0000_cy<10>)
     MUXCY:CI->O           1   0.059   0.000  Madd_cs_add0000_cy<11> (Madd_cs_add0000_cy<11>)
     MUXCY:CI->O           1   0.059   0.000  Madd_cs_add0000_cy<12> (Madd_cs_add0000_cy<12>)
     MUXCY:CI->O           1   0.059   0.000  Madd_cs_add0000_cy<13> (Madd_cs_add0000_cy<13>)
     MUXCY:CI->O           1   0.059   0.000  Madd_cs_add0000_cy<14> (Madd_cs_add0000_cy<14>)
     MUXCY:CI->O           1   0.059   0.000  Madd_cs_add0000_cy<15> (Madd_cs_add0000_cy<15>)
     MUXCY:CI->O           1   0.059   0.000  Madd_cs_add0000_cy<16> (Madd_cs_add0000_cy<16>)
     MUXCY:CI->O           1   0.059   0.000  Madd_cs_add0000_cy<17> (Madd_cs_add0000_cy<17>)
     MUXCY:CI->O           1   0.059   0.000  Madd_cs_add0000_cy<18> (Madd_cs_add0000_cy<18>)
     MUXCY:CI->O           1   0.059   0.000  Madd_cs_add0000_cy<19> (Madd_cs_add0000_cy<19>)
     MUXCY:CI->O           1   0.059   0.000  Madd_cs_add0000_cy<20> (Madd_cs_add0000_cy<20>)
     MUXCY:CI->O           1   0.059   0.000  Madd_cs_add0000_cy<21> (Madd_cs_add0000_cy<21>)
     MUXCY:CI->O           1   0.059   0.000  Madd_cs_add0000_cy<22> (Madd_cs_add0000_cy<22>)
     MUXCY:CI->O           1   0.059   0.000  Madd_cs_add0000_cy<23> (Madd_cs_add0000_cy<23>)
     MUXCY:CI->O           1   0.059   0.000  Madd_cs_add0000_cy<24> (Madd_cs_add0000_cy<24>)
     MUXCY:CI->O           1   0.059   0.000  Madd_cs_add0000_cy<25> (Madd_cs_add0000_cy<25>)
     MUXCY:CI->O           1   0.059   0.000  Madd_cs_add0000_cy<26> (Madd_cs_add0000_cy<26>)
     MUXCY:CI->O           1   0.059   0.000  Madd_cs_add0000_cy<27> (Madd_cs_add0000_cy<27>)
     MUXCY:CI->O           1   0.059   0.000  Madd_cs_add0000_cy<28> (Madd_cs_add0000_cy<28>)
     MUXCY:CI->O           1   0.059   0.000  Madd_cs_add0000_cy<29> (Madd_cs_add0000_cy<29>)
     MUXCY:CI->O           0   0.059   0.000  Madd_cs_add0000_cy<30> (Madd_cs_add0000_cy<30>)
     XORCY:CI->O           1   0.804   0.000  Madd_cs_add0000_xor<31> (cs_add0000<31>)
     FD:D                      0.308          cs_31
    ----------------------------------------
    Total                     11.262ns (7.794ns logic, 3.468ns route)
                                       (69.2% logic, 30.8% route)

=========================================================================
Timing constraint: Default OFFSET IN BEFORE for Clock 'clkinput'
  Total number of paths / destination ports: 232 / 64
-------------------------------------------------------------------------
Offset:              4.316ns (Levels of Logic = 3)
  Source:            seg0<2> (PAD)
  Destination:       leddatahold_0 (FF)
  Destination Clock: clkinput rising

  Data Path: seg0<2> to leddatahold_0
                                Gate     Net
    Cell:in->out      fanout   Delay   Delay  Logical Name (Net Name)
    ----------------------------------------  ------------
     IBUF:I->O             7   1.218   0.883  seg0_2_IBUF (seg0_2_IBUF)
     LUT4:I0->O            1   0.704   0.499  leddatahold_mux0000<4>_SW0 (N137)
     LUT3:I1->O            1   0.704   0.000  leddatahold_mux0000<4> (leddatahold_mux0000<4>)
     FDE:D                     0.308          leddatahold_4
    ----------------------------------------
    Total                      4.316ns (2.934ns logic, 1.382ns route)
                                       (68.0% logic, 32.0% route)

=========================================================================
Timing constraint: Default OFFSET OUT AFTER for Clock 'clkinput'
  Total number of paths / destination ports: 3 / 3
-------------------------------------------------------------------------
Offset:              4.532ns (Levels of Logic = 1)
  Source:            clk (FF)
  Destination:       clk (PAD)
  Source Clock:      clkinput rising

  Data Path: clk to clk
                                Gate     Net
    Cell:in->out      fanout   Delay   Delay  Logical Name (Net Name)
    ----------------------------------------  ------------
     FDE:C->Q              6   0.591   0.669  clk (clk_OBUF)
     OBUF:I->O                 3.272          clk_OBUF (clk)
    ----------------------------------------
    Total                      4.532ns (3.863ns logic, 0.669ns route)
                                       (85.2% logic, 14.8% route)

=========================================================================


Total REAL time to Xst completion: 3.00 secs
Total CPU time to Xst completion: 1.27 secs
 
--> 


Total memory usage is 615268 kilobytes

Number of errors   :    0 (   0 filtered)
Number of warnings :   16 (   0 filtered)
Number of infos    :    2 (   0 filtered)

