#-----------------------------------------------------------
# PlanAhead v14.7 (64-bit)
# Build 321239 by xbuild on Fri Sep 27 19:24:36 MDT 2013
# Start of session at: Fri Sep 19 03:20:39 2025
# Process ID: 5118
# Log file: /home/ise/Working_Space/Week5/Dem_0_9/planAhead_run_1/planAhead.log
# Journal file: /home/ise/Working_Space/Week5/Dem_0_9/planAhead_run_1/planAhead.jou
#-----------------------------------------------------------
INFO: [Common 17-78] Attempting to get a license: PlanAhead
INFO: [Common 17-290] Got license for PlanAhead
INFO: [Common 17-86] Your PlanAhead license expires in -3064 day(s)
INFO: [Device 21-36] Loading parts and site information from /opt/Xilinx/14.7/ISE_DS/PlanAhead/data/parts/arch.xml
Parsing RTL primitives file [/opt/Xilinx/14.7/ISE_DS/PlanAhead/data/parts/xilinx/rtl/prims/rtl_prims.xml]
Finished parsing RTL primitives file [/opt/Xilinx/14.7/ISE_DS/PlanAhead/data/parts/xilinx/rtl/prims/rtl_prims.xml]
start_gui
source /home/ise/Working_Space/Week5/Dem_0_9/pa.fromHdl.tcl
# create_project -name Dem_0_9 -dir "/home/ise/Working_Space/Week5/Dem_0_9/planAhead_run_1" -part xc3s500efg320-4
# set_param project.pinAheadLayout yes
# set srcset [get_property srcset [current_run -impl]]
# set_property target_constrs_file "Dem_0_9.ucf" [current_fileset -constrset]
Adding file '/home/ise/Working_Space/Week5/Dem_0_9/Dem_0_9.ucf' to fileset 'constrs_1'
# set hdlfile [add_files [list {clockDiv.v}]]
# set_property file_type Verilog $hdlfile
# set_property library work $hdlfile
# set hdlfile [add_files [list {SynCounter4bit.v}]]
# set_property file_type Verilog $hdlfile
# set_property library work $hdlfile
# set hdlfile [add_files [list {Mux4_1.v}]]
# set_property file_type Verilog $hdlfile
# set_property library work $hdlfile
# set hdlfile [add_files [list {gm_led_7doan.v}]]
# set_property file_type Verilog $hdlfile
# set_property library work $hdlfile
# set hdlfile [add_files [list {ClockDivision.v}]]
# set_property file_type Verilog $hdlfile
# set_property library work $hdlfile
# set hdlfile [add_files [list {Dem_0_9.v}]]
# set_property file_type Verilog $hdlfile
# set_property library work $hdlfile
# set_property top Dem_0_9 $srcset
# add_files [list {Dem_0_9.ucf}] -fileset [get_property constrset [current_run]]
# open_rtl_design -part xc3s500efg320-4
Using Verific elaboration
Parsing VHDL file "/opt/Xilinx/14.7/ISE_DS/PlanAhead/data/parts/xilinx/rtl/lib/synplify/synattr.vhd" into library synplify
Analyzing Verilog file "/home/ise/Working_Space/Week5/Dem_0_9/clockDiv.v" into library work
Analyzing Verilog file "/home/ise/Working_Space/Week5/Dem_0_9/SynCounter4bit.v" into library work
Analyzing Verilog file "/home/ise/Working_Space/Week5/Dem_0_9/Mux4_1.v" into library work
Analyzing Verilog file "/home/ise/Working_Space/Week5/Dem_0_9/gm_led_7doan.v" into library work
Analyzing Verilog file "/home/ise/Working_Space/Week5/Dem_0_9/ClockDivision.v" into library work
Analyzing Verilog file "/home/ise/Working_Space/Week5/Dem_0_9/Dem_0_9.v" into library work
INFO: [Designutils 20-910] Reading macro library /opt/Xilinx/14.7/ISE_DS/PlanAhead/data/./parts/xilinx/spartan3e/spartan3e/hd_int_macros.edn
Parsing EDIF File [/opt/Xilinx/14.7/ISE_DS/PlanAhead/data/./parts/xilinx/spartan3e/spartan3e/hd_int_macros.edn]
Finished Parsing EDIF File [/opt/Xilinx/14.7/ISE_DS/PlanAhead/data/./parts/xilinx/spartan3e/spartan3e/hd_int_macros.edn]
Loading clock regions from /opt/Xilinx/14.7/ISE_DS/PlanAhead/data/parts/xilinx/spartan3e/spartan3e/xc3s500e/ClockRegion.xml
Loading clock buffers from /opt/Xilinx/14.7/ISE_DS/PlanAhead/data/parts/xilinx/spartan3e/spartan3e/xc3s500e/ClockBuffers.xml
Loading package from /opt/Xilinx/14.7/ISE_DS/PlanAhead/data/parts/xilinx/spartan3e/spartan3e/xc3s500e/fg320/Package.xml
Loading io standards from /opt/Xilinx/14.7/ISE_DS/PlanAhead/data/./parts/xilinx/spartan3e/IOStandards.xml
INFO: [Device 21-19] Loading pkg sso from /opt/Xilinx/14.7/ISE_DS/PlanAhead/data/parts/xilinx/spartan3e/spartan3e/xc3s500e/fg320/SSORules.xml
Loading list of drcs for the architecture : /opt/Xilinx/14.7/ISE_DS/PlanAhead/data/./parts/xilinx/spartan3e/spartan3e/drc.xml
INFO: [Timing 38-77] Reading timing library /opt/Xilinx/14.7/ISE_DS/PlanAhead/data/parts/xilinx/spartan3e/spartan3e/spartan3e-4.lib.
INFO: [Timing 38-34] Done reading timing library /opt/Xilinx/14.7/ISE_DS/PlanAhead/data/parts/xilinx/spartan3e/spartan3e/spartan3e-4.lib.
Parsing UCF File [/home/ise/Working_Space/Week5/Dem_0_9/Dem_0_9.ucf]
Finished Parsing UCF File [/home/ise/Working_Space/Week5/Dem_0_9/Dem_0_9.ucf]
INFO: [Project 1-111] Unisim Transformation Summary:
No Unisim elements were transformed.

Phase 0 | Netlist Checksum: 15668a01
update_compile_order -fileset sim_1
set_property iostandard LVCMOS25 [get_ports [list clki]]
startgroup
set_property package_pin C9 [get_ports clki]
endgroup
set_property iostandard LVCMOS33 [get_ports [list clki]]
startgroup
set_property package_pin N17 [get_ports rst_n]
endgroup
set_property pulltype PULLUP [get_ports [list rst_n]]
startgroup
set_property package_pin H18 [get_ports E]
endgroup
set_property pulltype PULLUP [get_ports [list E]]
startgroup
set_property package_pin L14 [get_ports {S[1]}]
endgroup
startgroup
set_property package_pin L13 [get_ports {S[0]}]
endgroup
set_property package_pin "" [get_ports [list  {sseg[6]}]]
startgroup
set_property package_pin F12 [get_ports {sseg[0]}]
endgroup
startgroup
set_property package_pin E12 [get_ports {sseg[1]}]
endgroup
startgroup
set_property package_pin E11 [get_ports {sseg[2]}]
endgroup
set_property package_pin "" [get_ports [list  {sseg[4]}]]
startgroup
set_property package_pin F11 [get_ports {sseg[3]}]
endgroup
startgroup
set_property package_pin C11 [get_ports {sseg[4]}]
endgroup
startgroup
set_property package_pin D11 [get_ports {sseg[5]}]
endgroup
set_property package_pin "" [get_ports [list  {sseg[6]}]]
startgroup
set_property package_pin D11 [get_ports {sseg[5]}]
endgroup
set_property package_pin "" [get_ports [list  {sseg[6]}]]
startgroup
set_property package_pin D11 [get_ports {sseg[5]}]
endgroup
startgroup
set_property package_pin E9 [get_ports {sseg[6]}]
endgroup
save_constraints
exit
ERROR: [#UNDEF] *** Exception: ui.h.b: Found deleted key in HTclEventBroker. Verify if the classes listed here call cleanup()
HTclEvent: SIGNAL_MODIFY   Classes: ui.views.aR 
HTclEvent: DEBUG_PORT_CONFIG_CHANGE   Classes: ui.views.aR 
HTclEvent: SIGNAL_BUS_MODIFY   Classes: ui.views.aR 
HTclEvent: DEBUG_CORE_CONFIG_CHANGE   Classes: ui.views.aR 
 (See /home/ise/Working_Space/Week5/Dem_0_9/planAhead_pid5118.debug)
ERROR: [Common 17-39] 'stop_gui' failed due to earlier errors.
INFO: [Common 17-206] Exiting PlanAhead at Fri Sep 19 03:24:28 2025...
INFO: [Common 17-83] Releasing license: PlanAhead
