#-----------------------------------------------------------
# PlanAhead v14.7 (64-bit)
# Build 321239 by xbuild on Fri Sep 27 19:24:36 MDT 2013
# Start of session at: Fri Sep 26 02:40:58 2025
# Process ID: 5694
# Log file: /home/ise/Working_Space/Week5/SynCounter4bit/planAhead_run_1/planAhead.log
# Journal file: /home/ise/Working_Space/Week5/SynCounter4bit/planAhead_run_1/planAhead.jou
#-----------------------------------------------------------
INFO: [Common 17-78] Attempting to get a license: PlanAhead
INFO: [Common 17-290] Got license for PlanAhead
INFO: [Common 17-86] Your PlanAhead license expires in -3071 day(s)
INFO: [Device 21-36] Loading parts and site information from /opt/Xilinx/14.7/ISE_DS/PlanAhead/data/parts/arch.xml
Parsing RTL primitives file [/opt/Xilinx/14.7/ISE_DS/PlanAhead/data/parts/xilinx/rtl/prims/rtl_prims.xml]
Finished parsing RTL primitives file [/opt/Xilinx/14.7/ISE_DS/PlanAhead/data/parts/xilinx/rtl/prims/rtl_prims.xml]
start_gui
source /home/ise/Working_Space/Week5/SynCounter4bit/pa.fromHdl.tcl
# create_project -name SynCounter4bit -dir "/home/ise/Working_Space/Week5/SynCounter4bit/planAhead_run_1" -part xc3s500efg320-4
# set_param project.pinAheadLayout yes
# set srcset [get_property srcset [current_run -impl]]
# set_property target_constrs_file "Dem_0_9.ucf" [current_fileset -constrset]
Adding file '/home/ise/Working_Space/Week5/SynCounter4bit/Dem_0_9.ucf' to fileset 'constrs_1'
# set hdlfile [add_files [list {SynCounter4bit.v}]]
# set_property file_type Verilog $hdlfile
# set_property library work $hdlfile
# set hdlfile [add_files [list {clockDiv.v}]]
# set_property file_type Verilog $hdlfile
# set_property library work $hdlfile
# set hdlfile [add_files [list {Dem_0_9.v}]]
# set_property file_type Verilog $hdlfile
# set_property library work $hdlfile
# set_property top Dem_0_9 $srcset
# add_files [list {Dem_0_9.ucf}] -fileset [get_property constrset [current_run]]
# open_rtl_design -part xc3s500efg320-4
Using Verific elaboration
Parsing VHDL file "/opt/Xilinx/14.7/ISE_DS/PlanAhead/data/parts/xilinx/rtl/lib/synplify/synattr.vhd" into library synplify
Analyzing Verilog file "/home/ise/Working_Space/Week5/SynCounter4bit/SynCounter4bit.v" into library work
Analyzing Verilog file "/home/ise/Working_Space/Week5/SynCounter4bit/clockDiv.v" into library work
Analyzing Verilog file "/home/ise/Working_Space/Week5/SynCounter4bit/Dem_0_9.v" into library work
INFO: [Designutils 20-910] Reading macro library /opt/Xilinx/14.7/ISE_DS/PlanAhead/data/./parts/xilinx/spartan3e/spartan3e/hd_int_macros.edn
Parsing EDIF File [/opt/Xilinx/14.7/ISE_DS/PlanAhead/data/./parts/xilinx/spartan3e/spartan3e/hd_int_macros.edn]
Finished Parsing EDIF File [/opt/Xilinx/14.7/ISE_DS/PlanAhead/data/./parts/xilinx/spartan3e/spartan3e/hd_int_macros.edn]
Loading clock regions from /opt/Xilinx/14.7/ISE_DS/PlanAhead/data/parts/xilinx/spartan3e/spartan3e/xc3s500e/ClockRegion.xml
Loading clock buffers from /opt/Xilinx/14.7/ISE_DS/PlanAhead/data/parts/xilinx/spartan3e/spartan3e/xc3s500e/ClockBuffers.xml
Loading package from /opt/Xilinx/14.7/ISE_DS/PlanAhead/data/parts/xilinx/spartan3e/spartan3e/xc3s500e/fg320/Package.xml
Loading io standards from /opt/Xilinx/14.7/ISE_DS/PlanAhead/data/./parts/xilinx/spartan3e/IOStandards.xml
INFO: [Device 21-19] Loading pkg sso from /opt/Xilinx/14.7/ISE_DS/PlanAhead/data/parts/xilinx/spartan3e/spartan3e/xc3s500e/fg320/SSORules.xml
Loading list of drcs for the architecture : /opt/Xilinx/14.7/ISE_DS/PlanAhead/data/./parts/xilinx/spartan3e/spartan3e/drc.xml
INFO: [Timing 38-77] Reading timing library /opt/Xilinx/14.7/ISE_DS/PlanAhead/data/parts/xilinx/spartan3e/spartan3e/spartan3e-4.lib.
INFO: [Timing 38-34] Done reading timing library /opt/Xilinx/14.7/ISE_DS/PlanAhead/data/parts/xilinx/spartan3e/spartan3e/spartan3e-4.lib.
Parsing UCF File [/home/ise/Working_Space/Week5/SynCounter4bit/Dem_0_9.ucf]
Finished Parsing UCF File [/home/ise/Working_Space/Week5/SynCounter4bit/Dem_0_9.ucf]
INFO: [Project 1-111] Unisim Transformation Summary:
No Unisim elements were transformed.

Phase 0 | Netlist Checksum: 7f226210
update_compile_order -fileset sim_1
startgroup
set_property package_pin V4 [get_ports reset]
endgroup
set_property pulltype PULLDOWN [get_ports [list reset]]
startgroup
set_property package_pin C9 [get_ports clk]
endgroup
set_property iostandard LVTTL [get_ports [list clk]]
set_property iostandard LVTTL [get_ports [list reset]]
set_property iostandard LVTTL [get_ports [list {q[3]} {q[2]} {q[1]} {q[0]}]]
startgroup
set_property package_pin F11 [get_ports {q[3]}]
endgroup
startgroup
set_property package_pin E11 [get_ports {q[2]}]
endgroup
startgroup
set_property package_pin E12 [get_ports {q[1]}]
endgroup
startgroup
set_property package_pin F12 [get_ports {q[0]}]
endgroup
save_constraints
exit
ERROR: [#UNDEF] *** Exception: ui.h.b: Found deleted key in HTclEventBroker. Verify if the classes listed here call cleanup()
HTclEvent: SIGNAL_BUS_MODIFY   Classes: ui.views.aR 
HTclEvent: DEBUG_PORT_CONFIG_CHANGE   Classes: ui.views.aR 
HTclEvent: DEBUG_CORE_CONFIG_CHANGE   Classes: ui.views.aR 
HTclEvent: SIGNAL_MODIFY   Classes: ui.views.aR 
 (See /home/ise/Working_Space/Week5/SynCounter4bit/planAhead_pid5694.debug)
ERROR: [Common 17-39] 'stop_gui' failed due to earlier errors.
INFO: [Common 17-206] Exiting PlanAhead at Fri Sep 26 02:42:10 2025...
INFO: [Common 17-83] Releasing license: PlanAhead
