#-----------------------------------------------------------
# PlanAhead v14.7 (64-bit)
# Build 321239 by xbuild on Fri Sep 27 19:24:36 MDT 2013
# Start of session at: Sun Oct 12 12:59:32 2025
# Process ID: 2915
# Log file: /home/ise/Working_Space/Week8/LCD_Hien_Thi_Ten/planAhead_run_1/planAhead.log
# Journal file: /home/ise/Working_Space/Week8/LCD_Hien_Thi_Ten/planAhead_run_1/planAhead.jou
#-----------------------------------------------------------
INFO: [Common 17-78] Attempting to get a license: PlanAhead
INFO: [Common 17-290] Got license for PlanAhead
INFO: [Common 17-86] Your PlanAhead license expires in -3087 day(s)
INFO: [Device 21-36] Loading parts and site information from /opt/Xilinx/14.7/ISE_DS/PlanAhead/data/parts/arch.xml
Parsing RTL primitives file [/opt/Xilinx/14.7/ISE_DS/PlanAhead/data/parts/xilinx/rtl/prims/rtl_prims.xml]
Finished parsing RTL primitives file [/opt/Xilinx/14.7/ISE_DS/PlanAhead/data/parts/xilinx/rtl/prims/rtl_prims.xml]
start_gui
source /home/ise/Working_Space/Week8/LCD_Hien_Thi_Ten/pa.fromHdl.tcl
# create_project -name LCD_Hien_Thi_Ten -dir "/home/ise/Working_Space/Week8/LCD_Hien_Thi_Ten/planAhead_run_1" -part xc3s500efg320-4
# set_param project.pinAheadLayout yes
# set srcset [get_property srcset [current_run -impl]]
# set_property target_constrs_file "LCD_Display_05Hz.ucf" [current_fileset -constrset]
Adding file '/home/ise/Working_Space/Week8/LCD_Hien_Thi_Ten/LCD_Display_05Hz.ucf' to fileset 'constrs_1'
# set hdlfile [add_files [list {LCD.v}]]
# set_property file_type Verilog $hdlfile
# set_property library work $hdlfile
# set hdlfile [add_files [list {TickGen.v}]]
# set_property file_type Verilog $hdlfile
# set_property library work $hdlfile
# set hdlfile [add_files [list {LCD_Display.v}]]
# set_property file_type Verilog $hdlfile
# set_property library work $hdlfile
# set hdlfile [add_files [list {LCD_Display_05Hz.v}]]
# set_property file_type Verilog $hdlfile
# set_property library work $hdlfile
# set_property top LCD_Display_05Hz $srcset
# add_files [list {LCD_Display_05Hz.ucf}] -fileset [get_property constrset [current_run]]
# open_rtl_design -part xc3s500efg320-4
Using Verific elaboration
Parsing VHDL file "/opt/Xilinx/14.7/ISE_DS/PlanAhead/data/parts/xilinx/rtl/lib/synplify/synattr.vhd" into library synplify
Analyzing Verilog file "/home/ise/Working_Space/Week8/LCD_Hien_Thi_Ten/LCD.v" into library work
Analyzing Verilog file "/home/ise/Working_Space/Week8/LCD_Hien_Thi_Ten/TickGen.v" into library work
Analyzing Verilog file "/home/ise/Working_Space/Week8/LCD_Hien_Thi_Ten/LCD_Display.v" into library work
Analyzing Verilog file "/home/ise/Working_Space/Week8/LCD_Hien_Thi_Ten/LCD_Display_05Hz.v" into library work
INFO: [Designutils 20-910] Reading macro library /opt/Xilinx/14.7/ISE_DS/PlanAhead/data/./parts/xilinx/spartan3e/spartan3e/hd_int_macros.edn
Parsing EDIF File [/opt/Xilinx/14.7/ISE_DS/PlanAhead/data/./parts/xilinx/spartan3e/spartan3e/hd_int_macros.edn]
Finished Parsing EDIF File [/opt/Xilinx/14.7/ISE_DS/PlanAhead/data/./parts/xilinx/spartan3e/spartan3e/hd_int_macros.edn]
Loading clock regions from /opt/Xilinx/14.7/ISE_DS/PlanAhead/data/parts/xilinx/spartan3e/spartan3e/xc3s500e/ClockRegion.xml
Loading clock buffers from /opt/Xilinx/14.7/ISE_DS/PlanAhead/data/parts/xilinx/spartan3e/spartan3e/xc3s500e/ClockBuffers.xml
Loading package from /opt/Xilinx/14.7/ISE_DS/PlanAhead/data/parts/xilinx/spartan3e/spartan3e/xc3s500e/fg320/Package.xml
Loading io standards from /opt/Xilinx/14.7/ISE_DS/PlanAhead/data/./parts/xilinx/spartan3e/IOStandards.xml
INFO: [Device 21-19] Loading pkg sso from /opt/Xilinx/14.7/ISE_DS/PlanAhead/data/parts/xilinx/spartan3e/spartan3e/xc3s500e/fg320/SSORules.xml
Loading list of drcs for the architecture : /opt/Xilinx/14.7/ISE_DS/PlanAhead/data/./parts/xilinx/spartan3e/spartan3e/drc.xml
INFO: [Timing 38-77] Reading timing library /opt/Xilinx/14.7/ISE_DS/PlanAhead/data/parts/xilinx/spartan3e/spartan3e/spartan3e-4.lib.
INFO: [Timing 38-34] Done reading timing library /opt/Xilinx/14.7/ISE_DS/PlanAhead/data/parts/xilinx/spartan3e/spartan3e/spartan3e-4.lib.
Parsing UCF File [/home/ise/Working_Space/Week8/LCD_Hien_Thi_Ten/LCD_Display_05Hz.ucf]
Finished Parsing UCF File [/home/ise/Working_Space/Week8/LCD_Hien_Thi_Ten/LCD_Display_05Hz.ucf]
INFO: [Project 1-111] Unisim Transformation Summary:
No Unisim elements were transformed.

Phase 0 | Netlist Checksum: 2b3b4cc0
open_rtl_design: Time (s): cpu = 00:00:02 ; elapsed = 00:00:13 . Memory (MB): peak = 2762.035 ; gain = 93.340
update_compile_order -fileset sim_1
set_property package_pin "" [get_ports [list  clk]]
set_property iostandard LVCMOS33 [get_ports [list clk]]
startgroup
set_property package_pin C9 [get_ports clk]
endgroup
startgroup
set_property package_pin M18 [get_ports lcd_e]
endgroup
startgroup
set_property package_pin L18 [get_ports lcd_rs]
endgroup
set_property iostandard LVCMOS25 [get_ports [list lcd_e]]
startgroup
set_property package_pin L17 [get_ports lcd_rw]
endgroup
startgroup
set_property package_pin V4 [get_ports reset]
endgroup
set_property iostandard LVTTL [get_ports [list reset]]
set_property pulltype PULLDOWN [get_ports [list reset]]
set_property iostandard LVCMOS33 [get_ports [list lcd_rs]]
set_property iostandard LVCMOS33 [get_ports [list lcd_rw]]
set_property iostandard LVCMOS33 [get_ports [list lcd_e]]
startgroup
set_property package_pin R15 [get_ports lcd_4]
endgroup
startgroup
set_property package_pin R16 [get_ports lcd_5]
endgroup
startgroup
set_property package_pin P17 [get_ports lcd_6]
endgroup
startgroup
set_property package_pin M15 [get_ports lcd_7]
endgroup
set_property iostandard LVCMOS33 [get_ports [list lcd_7]]
set_property iostandard LVCMOS33 [get_ports [list lcd_6]]
set_property iostandard LVCMOS33 [get_ports [list lcd_5]]
set_property iostandard LVCMOS33 [get_ports [list lcd_4]]
save_constraints
exit
ERROR: [#UNDEF] *** Exception: ui.h.b: Found deleted key in HTclEventBroker. Verify if the classes listed here call cleanup()
HTclEvent: SIGNAL_BUS_MODIFY   Classes: ui.views.aR 
HTclEvent: DEBUG_CORE_CONFIG_CHANGE   Classes: ui.views.aR 
HTclEvent: DEBUG_PORT_CONFIG_CHANGE   Classes: ui.views.aR 
HTclEvent: SIGNAL_MODIFY   Classes: ui.views.aR 
 (See /home/ise/Working_Space/Week8/LCD_Hien_Thi_Ten/planAhead_pid2915.debug)
ERROR: [Common 17-39] 'stop_gui' failed due to earlier errors.
INFO: [Common 17-206] Exiting PlanAhead at Sun Oct 12 13:03:51 2025...
INFO: [Common 17-83] Releasing license: PlanAhead
