Running: /opt/Xilinx/14.7/ISE_DS/ISE/bin/lin64/unwrapped/fuse -intstyle ise -incremental -lib unisims_ver -lib unimacro_ver -lib xilinxcorelib_ver -o /home/ise/Working_Space/Week6/Dem_9_0/Testbench_SynCounter4bit_Down_isim_beh.exe -prj /home/ise/Working_Space/Week6/Dem_9_0/Testbench_SynCounter4bit_Down_beh.prj work.Testbench_SynCounter4bit_Down work.glbl 
ISim P.20131013 (signature 0xfbc00daa)
Number of CPUs detected in this system: 1
Turning on mult-threading, number of parallel sub-compilation jobs: 0 
Determining compilation order of HDL files
Analyzing Verilog file "/home/ise/Working_Space/Week6/Dem_9_0/SynCounter4bit_Down.v" into library work
Analyzing Verilog file "/home/ise/Working_Space/Week6/Dem_9_0/Testbench_SynCounter4bit_Down.v" into library work
Analyzing Verilog file "/opt/Xilinx/14.7/ISE_DS/ISE//verilog/src/glbl.v" into library work
Starting static elaboration
Completed static elaboration
Fuse Memory Usage: 94916 KB
Fuse CPU Usage: 1060 ms
Compiling module SynCounter4bit_Down
Compiling module Testbench_SynCounter4bit_Down
Compiling module glbl
Time Resolution for simulation is 1ps.
Compiled 3 Verilog Units
Built simulation executable /home/ise/Working_Space/Week6/Dem_9_0/Testbench_SynCounter4bit_Down_isim_beh.exe
Fuse Memory Usage: 98016 KB
Fuse CPU Usage: 1060 ms
GCC CPU Usage: 100 ms
