--------------------------------------------------------------------------------
Release 14.7 Trace  (lin64)
Copyright (c) 1995-2013 Xilinx, Inc.  All rights reserved.

/opt/Xilinx/14.7/ISE_DS/ISE/bin/lin64/unwrapped/trce -intstyle ise -v 3 -s 4 -n
3 -fastpaths -xml Mux10_1_E_High.twx Mux10_1_E_High.ncd -o Mux10_1_E_High.twr
Mux10_1_E_High.pcf -ucf Mux10_1_E_High.ucf

Design file:              Mux10_1_E_High.ncd
Physical constraint file: Mux10_1_E_High.pcf
Device,package,speed:     xc3s500e,fg320,-4 (PRODUCTION 1.27 2013-10-13)
Report level:             verbose report

Environment Variable      Effect 
--------------------      ------ 
NONE                      No environment variables were set
--------------------------------------------------------------------------------

INFO:Timing:2698 - No timing constraints found, doing default enumeration.
INFO:Timing:3412 - To improve timing, see the Timing Closure User Guide (UG612).
INFO:Timing:2752 - To get complete path coverage, use the unconstrained paths 
   option. All paths that are not constrained will be reported in the 
   unconstrained paths section(s) of the report.
INFO:Timing:3339 - The clock-to-out numbers in this timing report are based on 
   a 50 Ohm transmission line loading model.  For the details of this model, 
   and for more information on accounting for different loading conditions, 
   please see the device datasheet.
INFO:Timing:3390 - This architecture does not support a default System Jitter 
   value, please add SYSTEM_JITTER constraint to the UCF to modify the Clock 
   Uncertainty calculation.
INFO:Timing:3389 - This architecture does not support 'Discrete Jitter' and 
   'Phase Error' calculations, these terms will be zero in the Clock 
   Uncertainty calculation.  Please make appropriate modification to 
   SYSTEM_JITTER to account for the unsupported Discrete Jitter and Phase 
   Error.



Data Sheet report:
-----------------
All values displayed in nanoseconds (ns)

Pad to Pad
---------------+---------------+---------+
Source Pad     |Destination Pad|  Delay  |
---------------+---------------+---------+
E              |Y              |   10.270|
I<0>           |Y              |   13.476|
I<1>           |Y              |   12.279|
I<2>           |Y              |   13.672|
I<3>           |Y              |   12.955|
I<4>           |Y              |   13.759|
I<5>           |Y              |   12.594|
I<6>           |Y              |   13.351|
I<7>           |Y              |   11.577|
I<8>           |Y              |   12.676|
I<9>           |Y              |   11.930|
S<0>           |Y              |   10.513|
S<1>           |Y              |   15.992|
S<2>           |Y              |   16.980|
S<3>           |Y              |   11.569|
---------------+---------------+---------+


Analysis completed Fri Sep 12 02:13:39 2025 
--------------------------------------------------------------------------------

Trace Settings:
-------------------------
Trace Settings 

Peak Memory Usage: 347 MB



