#-----------------------------------------------------------
# PlanAhead v14.7 (64-bit)
# Build 321239 by xbuild on Fri Sep 27 19:24:36 MDT 2013
# Start of session at: Fri Sep 19 03:25:01 2025
# Process ID: 5428
# Log file: /home/ise/Working_Space/Week5/Dem_0_9/planAhead_run_2/planAhead.log
# Journal file: /home/ise/Working_Space/Week5/Dem_0_9/planAhead_run_2/planAhead.jou
#-----------------------------------------------------------
INFO: [Common 17-78] Attempting to get a license: PlanAhead
INFO: [Common 17-290] Got license for PlanAhead
INFO: [Common 17-86] Your PlanAhead license expires in -3064 day(s)
INFO: [Device 21-36] Loading parts and site information from /opt/Xilinx/14.7/ISE_DS/PlanAhead/data/parts/arch.xml
Parsing RTL primitives file [/opt/Xilinx/14.7/ISE_DS/PlanAhead/data/parts/xilinx/rtl/prims/rtl_prims.xml]
Finished parsing RTL primitives file [/opt/Xilinx/14.7/ISE_DS/PlanAhead/data/parts/xilinx/rtl/prims/rtl_prims.xml]
start_gui
source /home/ise/Working_Space/Week5/Dem_0_9/pa.fromHdl.tcl
# create_project -name Dem_0_9 -dir "/home/ise/Working_Space/Week5/Dem_0_9/planAhead_run_2" -part xc3s500efg320-4
# set_param project.pinAheadLayout yes
# set srcset [get_property srcset [current_run -impl]]
# set_property target_constrs_file "Dem_0_9.ucf" [current_fileset -constrset]
Adding file '/home/ise/Working_Space/Week5/Dem_0_9/Dem_0_9.ucf' to fileset 'constrs_1'
# set hdlfile [add_files [list {clockDiv.v}]]
# set_property file_type Verilog $hdlfile
# set_property library work $hdlfile
# set hdlfile [add_files [list {SynCounter4bit.v}]]
# set_property file_type Verilog $hdlfile
# set_property library work $hdlfile
# set hdlfile [add_files [list {Mux4_1.v}]]
# set_property file_type Verilog $hdlfile
# set_property library work $hdlfile
# set hdlfile [add_files [list {gm_led_7doan.v}]]
# set_property file_type Verilog $hdlfile
# set_property library work $hdlfile
# set hdlfile [add_files [list {ClockDivision.v}]]
# set_property file_type Verilog $hdlfile
# set_property library work $hdlfile
# set hdlfile [add_files [list {Dem_0_9.v}]]
# set_property file_type Verilog $hdlfile
# set_property library work $hdlfile
# set_property top Dem_0_9 $srcset
# add_files [list {Dem_0_9.ucf}] -fileset [get_property constrset [current_run]]
# open_rtl_design -part xc3s500efg320-4
Using Verific elaboration
Parsing VHDL file "/opt/Xilinx/14.7/ISE_DS/PlanAhead/data/parts/xilinx/rtl/lib/synplify/synattr.vhd" into library synplify
Analyzing Verilog file "/home/ise/Working_Space/Week5/Dem_0_9/clockDiv.v" into library work
Analyzing Verilog file "/home/ise/Working_Space/Week5/Dem_0_9/SynCounter4bit.v" into library work
Analyzing Verilog file "/home/ise/Working_Space/Week5/Dem_0_9/Mux4_1.v" into library work
Analyzing Verilog file "/home/ise/Working_Space/Week5/Dem_0_9/gm_led_7doan.v" into library work
Analyzing Verilog file "/home/ise/Working_Space/Week5/Dem_0_9/ClockDivision.v" into library work
Analyzing Verilog file "/home/ise/Working_Space/Week5/Dem_0_9/Dem_0_9.v" into library work
INFO: [Designutils 20-910] Reading macro library /opt/Xilinx/14.7/ISE_DS/PlanAhead/data/./parts/xilinx/spartan3e/spartan3e/hd_int_macros.edn
Parsing EDIF File [/opt/Xilinx/14.7/ISE_DS/PlanAhead/data/./parts/xilinx/spartan3e/spartan3e/hd_int_macros.edn]
Finished Parsing EDIF File [/opt/Xilinx/14.7/ISE_DS/PlanAhead/data/./parts/xilinx/spartan3e/spartan3e/hd_int_macros.edn]
Loading clock regions from /opt/Xilinx/14.7/ISE_DS/PlanAhead/data/parts/xilinx/spartan3e/spartan3e/xc3s500e/ClockRegion.xml
Loading clock buffers from /opt/Xilinx/14.7/ISE_DS/PlanAhead/data/parts/xilinx/spartan3e/spartan3e/xc3s500e/ClockBuffers.xml
Loading package from /opt/Xilinx/14.7/ISE_DS/PlanAhead/data/parts/xilinx/spartan3e/spartan3e/xc3s500e/fg320/Package.xml
Loading io standards from /opt/Xilinx/14.7/ISE_DS/PlanAhead/data/./parts/xilinx/spartan3e/IOStandards.xml
INFO: [Device 21-19] Loading pkg sso from /opt/Xilinx/14.7/ISE_DS/PlanAhead/data/parts/xilinx/spartan3e/spartan3e/xc3s500e/fg320/SSORules.xml
Loading list of drcs for the architecture : /opt/Xilinx/14.7/ISE_DS/PlanAhead/data/./parts/xilinx/spartan3e/spartan3e/drc.xml
INFO: [Timing 38-77] Reading timing library /opt/Xilinx/14.7/ISE_DS/PlanAhead/data/parts/xilinx/spartan3e/spartan3e/spartan3e-4.lib.
INFO: [Timing 38-34] Done reading timing library /opt/Xilinx/14.7/ISE_DS/PlanAhead/data/parts/xilinx/spartan3e/spartan3e/spartan3e-4.lib.
Parsing UCF File [/home/ise/Working_Space/Week5/Dem_0_9/Dem_0_9.ucf]
Finished Parsing UCF File [/home/ise/Working_Space/Week5/Dem_0_9/Dem_0_9.ucf]
INFO: [Project 1-111] Unisim Transformation Summary:
No Unisim elements were transformed.

Phase 0 | Netlist Checksum: 15668a01
update_compile_order -fileset sim_1
set_property iostandard LVTTL [get_ports [list E]]
set_property iostandard LVTTL [get_ports [list rst_n]]
set_property iostandard LVTTL [get_ports [list {S[1]} {S[0]}]]
set_property iostandard LVTTL [get_ports [list {sseg[6]} {sseg[5]} {sseg[4]} {sseg[3]} {sseg[2]} {sseg[1]} {sseg[0]}]]
save_constraints
exit
ERROR: [#UNDEF] *** Exception: ui.h.b: Found deleted key in HTclEventBroker. Verify if the classes listed here call cleanup()
HTclEvent: SIGNAL_BUS_MODIFY   Classes: ui.views.aR 
HTclEvent: SIGNAL_MODIFY   Classes: ui.views.aR 
HTclEvent: DEBUG_CORE_CONFIG_CHANGE   Classes: ui.views.aR 
HTclEvent: DEBUG_PORT_CONFIG_CHANGE   Classes: ui.views.aR 
 (See /home/ise/Working_Space/Week5/Dem_0_9/planAhead_pid5428.debug)
ERROR: [Common 17-39] 'stop_gui' failed due to earlier errors.
INFO: [Common 17-206] Exiting PlanAhead at Fri Sep 19 03:25:44 2025...
INFO: [Common 17-83] Releasing license: PlanAhead
