
****** PlanAhead v14.7 (64-bit)
  **** Build 321239 by xbuild on Fri Sep 27 19:24:36 MDT 2013
    ** Copyright 1986-1999, 2001-2013 Xilinx, Inc. All Rights Reserved.

INFO: [Common 17-78] Attempting to get a license: PlanAhead
INFO: [Common 17-290] Got license for PlanAhead
INFO: [Common 17-86] Your PlanAhead license expires in -3071 day(s)
INFO: [Device 21-36] Loading parts and site information from /opt/Xilinx/14.7/ISE_DS/PlanAhead/data/parts/arch.xml
Parsing RTL primitives file [/opt/Xilinx/14.7/ISE_DS/PlanAhead/data/parts/xilinx/rtl/prims/rtl_prims.xml]
Finished parsing RTL primitives file [/opt/Xilinx/14.7/ISE_DS/PlanAhead/data/parts/xilinx/rtl/prims/rtl_prims.xml]
start_gui
source /home/ise/Working_Space/Week6/Auto_Counter_0_9/pa.fromHdl.tcl
# create_project -name Auto_Counter_0_9 -dir "/home/ise/Working_Space/Week6/Auto_Counter_0_9/planAhead_run_1" -part xc3s500efg320-4
# set_param project.pinAheadLayout yes
# set srcset [get_property srcset [current_run -impl]]
# set_property target_constrs_file "Auto_Counter_0_9.ucf" [current_fileset -constrset]
Adding file '/home/ise/Working_Space/Week6/Auto_Counter_0_9/Auto_Counter_0_9.ucf' to fileset 'constrs_1'
# set hdlfile [add_files [list {clockDiv_Enable.v}]]
# set_property file_type Verilog $hdlfile
# set_property library work $hdlfile
# set hdlfile [add_files [list {Auto_Bidirectional_Counter.v}]]
# set_property file_type Verilog $hdlfile
# set_property library work $hdlfile
# set hdlfile [add_files [list {Auto_Counter_0_9.v}]]
# set_property file_type Verilog $hdlfile
# set_property library work $hdlfile
# set_property top Auto_Counter_0_9 $srcset
# add_files [list {Auto_Counter_0_9.ucf}] -fileset [get_property constrset [current_run]]
# open_rtl_design -part xc3s500efg320-4
Using Verific elaboration
Parsing VHDL file "/opt/Xilinx/14.7/ISE_DS/PlanAhead/data/parts/xilinx/rtl/lib/synplify/synattr.vhd" into library synplify
Analyzing Verilog file "/home/ise/Working_Space/Week6/Auto_Counter_0_9/clockDiv_Enable.v" into library work
Analyzing Verilog file "/home/ise/Working_Space/Week6/Auto_Counter_0_9/Auto_Bidirectional_Counter.v" into library work
Analyzing Verilog file "/home/ise/Working_Space/Week6/Auto_Counter_0_9/Auto_Counter_0_9.v" into library work
INFO: [Designutils 20-910] Reading macro library /opt/Xilinx/14.7/ISE_DS/PlanAhead/data/./parts/xilinx/spartan3e/spartan3e/hd_int_macros.edn
Parsing EDIF File [/opt/Xilinx/14.7/ISE_DS/PlanAhead/data/./parts/xilinx/spartan3e/spartan3e/hd_int_macros.edn]
Finished Parsing EDIF File [/opt/Xilinx/14.7/ISE_DS/PlanAhead/data/./parts/xilinx/spartan3e/spartan3e/hd_int_macros.edn]
Loading clock regions from /opt/Xilinx/14.7/ISE_DS/PlanAhead/data/parts/xilinx/spartan3e/spartan3e/xc3s500e/ClockRegion.xml
Loading clock buffers from /opt/Xilinx/14.7/ISE_DS/PlanAhead/data/parts/xilinx/spartan3e/spartan3e/xc3s500e/ClockBuffers.xml
Loading package from /opt/Xilinx/14.7/ISE_DS/PlanAhead/data/parts/xilinx/spartan3e/spartan3e/xc3s500e/fg320/Package.xml
Loading io standards from /opt/Xilinx/14.7/ISE_DS/PlanAhead/data/./parts/xilinx/spartan3e/IOStandards.xml
INFO: [Device 21-19] Loading pkg sso from /opt/Xilinx/14.7/ISE_DS/PlanAhead/data/parts/xilinx/spartan3e/spartan3e/xc3s500e/fg320/SSORules.xml
Loading list of drcs for the architecture : /opt/Xilinx/14.7/ISE_DS/PlanAhead/data/./parts/xilinx/spartan3e/spartan3e/drc.xml
INFO: [Timing 38-77] Reading timing library /opt/Xilinx/14.7/ISE_DS/PlanAhead/data/parts/xilinx/spartan3e/spartan3e/spartan3e-4.lib.
INFO: [Timing 38-34] Done reading timing library /opt/Xilinx/14.7/ISE_DS/PlanAhead/data/parts/xilinx/spartan3e/spartan3e/spartan3e-4.lib.
Parsing UCF File [/home/ise/Working_Space/Week6/Auto_Counter_0_9/Auto_Counter_0_9.ucf]
Finished Parsing UCF File [/home/ise/Working_Space/Week6/Auto_Counter_0_9/Auto_Counter_0_9.ucf]
INFO: [Project 1-111] Unisim Transformation Summary:
No Unisim elements were transformed.

Phase 0 | Netlist Checksum: 96935822
update_compile_order -fileset sim_1
set_property iostandard LVTTL [get_ports [list {q[3]} {q[2]} {q[1]} {q[0]}]]
set_property iostandard LVTTL [get_ports [list clk]]
set_property iostandard LVTTL [get_ports [list reset]]
startgroup
set_property package_pin C9 [get_ports clk]
endgroup
startgroup
set_property package_pin V4 [get_ports reset]
endgroup
set_property pulltype PULLDOWN [get_ports [list reset]]
startgroup
set_property package_pin F11 [get_ports {q[3]}]
endgroup
startgroup
set_property package_pin E11 [get_ports {q[2]}]
endgroup
startgroup
set_property package_pin E12 [get_ports {q[1]}]
endgroup
startgroup
set_property package_pin F12 [get_ports {q[0]}]
endgroup
save_constraints
exit
ERROR: [Common 17-39] 'stop_gui' failed due to earlier errors.
INFO: [Common 17-206] Exiting PlanAhead at Fri Sep 26 02:21:20 2025...
INFO: [Common 17-83] Releasing license: PlanAhead
