#-----------------------------------------------------------
# PlanAhead v14.7 (64-bit)
# Build 321239 by xbuild on Fri Sep 27 19:24:36 MDT 2013
# Start of session at: Fri Aug 29 02:17:14 2025
# Process ID: 4455
# Log file: /home/ise/Working_Space/Chapter_2/Decoder3_8/planAhead_run_1/planAhead.log
# Journal file: /home/ise/Working_Space/Chapter_2/Decoder3_8/planAhead_run_1/planAhead.jou
#-----------------------------------------------------------
INFO: [Common 17-78] Attempting to get a license: PlanAhead
INFO: [Common 17-290] Got license for PlanAhead
INFO: [Common 17-86] Your PlanAhead license expires in -3043 day(s)
INFO: [Device 21-36] Loading parts and site information from /opt/Xilinx/14.7/ISE_DS/PlanAhead/data/parts/arch.xml
Parsing RTL primitives file [/opt/Xilinx/14.7/ISE_DS/PlanAhead/data/parts/xilinx/rtl/prims/rtl_prims.xml]
Finished parsing RTL primitives file [/opt/Xilinx/14.7/ISE_DS/PlanAhead/data/parts/xilinx/rtl/prims/rtl_prims.xml]
start_gui
source /home/ise/Working_Space/Chapter_2/Decoder3_8/pa.fromHdl.tcl
# create_project -name Decoder3_8 -dir "/home/ise/Working_Space/Chapter_2/Decoder3_8/planAhead_run_1" -part xc3s500efg320-4
# set_param project.pinAheadLayout yes
# set srcset [get_property srcset [current_run -impl]]
# set_property target_constrs_file "Decoder3_8.ucf" [current_fileset -constrset]
Adding file '/home/ise/Working_Space/Chapter_2/Decoder3_8/Decoder3_8.ucf' to fileset 'constrs_1'
# set hdlfile [add_files [list {Decoder3_8.v}]]
# set_property file_type Verilog $hdlfile
# set_property library work $hdlfile
# set_property top Decoder3_8 $srcset
# add_files [list {Decoder3_8.ucf}] -fileset [get_property constrset [current_run]]
# open_rtl_design -part xc3s500efg320-4
Using Verific elaboration
Parsing VHDL file "/opt/Xilinx/14.7/ISE_DS/PlanAhead/data/parts/xilinx/rtl/lib/synplify/synattr.vhd" into library synplify
Analyzing Verilog file "/home/ise/Working_Space/Chapter_2/Decoder3_8/Decoder3_8.v" into library work
INFO: [Designutils 20-910] Reading macro library /opt/Xilinx/14.7/ISE_DS/PlanAhead/data/./parts/xilinx/spartan3e/spartan3e/hd_int_macros.edn
Parsing EDIF File [/opt/Xilinx/14.7/ISE_DS/PlanAhead/data/./parts/xilinx/spartan3e/spartan3e/hd_int_macros.edn]
Finished Parsing EDIF File [/opt/Xilinx/14.7/ISE_DS/PlanAhead/data/./parts/xilinx/spartan3e/spartan3e/hd_int_macros.edn]
Loading clock regions from /opt/Xilinx/14.7/ISE_DS/PlanAhead/data/parts/xilinx/spartan3e/spartan3e/xc3s500e/ClockRegion.xml
Loading clock buffers from /opt/Xilinx/14.7/ISE_DS/PlanAhead/data/parts/xilinx/spartan3e/spartan3e/xc3s500e/ClockBuffers.xml
Loading package from /opt/Xilinx/14.7/ISE_DS/PlanAhead/data/parts/xilinx/spartan3e/spartan3e/xc3s500e/fg320/Package.xml
Loading io standards from /opt/Xilinx/14.7/ISE_DS/PlanAhead/data/./parts/xilinx/spartan3e/IOStandards.xml
INFO: [Device 21-19] Loading pkg sso from /opt/Xilinx/14.7/ISE_DS/PlanAhead/data/parts/xilinx/spartan3e/spartan3e/xc3s500e/fg320/SSORules.xml
Loading list of drcs for the architecture : /opt/Xilinx/14.7/ISE_DS/PlanAhead/data/./parts/xilinx/spartan3e/spartan3e/drc.xml
INFO: [Timing 38-77] Reading timing library /opt/Xilinx/14.7/ISE_DS/PlanAhead/data/parts/xilinx/spartan3e/spartan3e/spartan3e-4.lib.
INFO: [Timing 38-34] Done reading timing library /opt/Xilinx/14.7/ISE_DS/PlanAhead/data/parts/xilinx/spartan3e/spartan3e/spartan3e-4.lib.
Parsing UCF File [/home/ise/Working_Space/Chapter_2/Decoder3_8/Decoder3_8.ucf]
Finished Parsing UCF File [/home/ise/Working_Space/Chapter_2/Decoder3_8/Decoder3_8.ucf]
INFO: [Project 1-111] Unisim Transformation Summary:
No Unisim elements were transformed.

Phase 0 | Netlist Checksum: 09adc5b1
update_compile_order -fileset sim_1
set_property iostandard LVTTL [get_ports [list {w[2]} {w[1]} {w[0]}]]
set_property iostandard LVTTL [get_ports [list {y[7]} {y[6]} {y[5]} {y[4]} {y[3]} {y[2]} {y[1]} {y[0]}]]
set_property iostandard LVTTL [get_ports [list E]]
startgroup
set_property package_pin H18 [get_ports {w[2]}]
endgroup
startgroup
set_property package_pin L14 [get_ports {w[1]}]
endgroup
startgroup
set_property package_pin L13 [get_ports {w[0]}]
endgroup
startgroup
set_property package_pin F9 [get_ports {y[7]}]
endgroup
startgroup
set_property package_pin E9 [get_ports {y[6]}]
endgroup
startgroup
set_property package_pin D11 [get_ports {y[5]}]
endgroup
startgroup
set_property package_pin C11 [get_ports {y[4]}]
endgroup
startgroup
set_property package_pin F11 [get_ports {y[3]}]
endgroup
set_property package_pin "" [get_ports [list  {y[0]}]]
startgroup
set_property package_pin E11 [get_ports {y[2]}]
endgroup
startgroup
set_property package_pin E12 [get_ports {y[1]}]
endgroup
startgroup
set_property package_pin F12 [get_ports {y[0]}]
endgroup
startgroup
set_property package_pin V4 [get_ports E]
endgroup
save_constraints
exit
ERROR: [#UNDEF] *** Exception: ui.h.b: Found deleted key in HTclEventBroker. Verify if the classes listed here call cleanup()
HTclEvent: SIGNAL_BUS_MODIFY   Classes: ui.views.aR 
HTclEvent: DEBUG_CORE_CONFIG_CHANGE   Classes: ui.views.aR 
HTclEvent: SIGNAL_MODIFY   Classes: ui.views.aR 
HTclEvent: DEBUG_PORT_CONFIG_CHANGE   Classes: ui.views.aR 
 (See /home/ise/Working_Space/Chapter_2/Decoder3_8/planAhead_pid4455.debug)
ERROR: [Common 17-39] 'stop_gui' failed due to earlier errors.
INFO: [Common 17-206] Exiting PlanAhead at Fri Aug 29 02:20:14 2025...
INFO: [Common 17-83] Releasing license: PlanAhead
