Release 14.7 - xst P.20131013 (lin64)
Copyright (c) 1995-2013 Xilinx, Inc.  All rights reserved.
--> 
Parameter TMPDIR set to xst/projnav.tmp


Total REAL time to Xst completion: 0.00 secs
Total CPU time to Xst completion: 0.01 secs
 
--> 
Parameter xsthdpdir set to xst


Total REAL time to Xst completion: 0.00 secs
Total CPU time to Xst completion: 0.01 secs
 
--> 
Reading design: Counter_System_Top.prj

TABLE OF CONTENTS
  1) Synthesis Options Summary
  2) HDL Compilation
  3) Design Hierarchy Analysis
  4) HDL Analysis
  5) HDL Synthesis
     5.1) HDL Synthesis Report
  6) Advanced HDL Synthesis
     6.1) Advanced HDL Synthesis Report
  7) Low Level Synthesis
  8) Partition Report
  9) Final Report
	9.1) Device utilization summary
	9.2) Partition Resource Summary
	9.3) TIMING REPORT


=========================================================================
*                      Synthesis Options Summary                        *
=========================================================================
---- Source Parameters
Input File Name                    : "Counter_System_Top.prj"
Input Format                       : mixed
Ignore Synthesis Constraint File   : NO

---- Target Parameters
Output File Name                   : "Counter_System_Top"
Output Format                      : NGC
Target Device                      : xc3s500e-4-fg320

---- Source Options
Top Module Name                    : Counter_System_Top
Automatic FSM Extraction           : YES
FSM Encoding Algorithm             : Auto
Safe Implementation                : No
FSM Style                          : LUT
RAM Extraction                     : Yes
RAM Style                          : Auto
ROM Extraction                     : Yes
Mux Style                          : Auto
Decoder Extraction                 : YES
Priority Encoder Extraction        : Yes
Shift Register Extraction          : YES
Logical Shifter Extraction         : YES
XOR Collapsing                     : YES
ROM Style                          : Auto
Mux Extraction                     : Yes
Resource Sharing                   : YES
Asynchronous To Synchronous        : NO
Multiplier Style                   : Auto
Automatic Register Balancing       : No

---- Target Options
Add IO Buffers                     : YES
Global Maximum Fanout              : 100000
Add Generic Clock Buffer(BUFG)     : 24
Register Duplication               : YES
Slice Packing                      : YES
Optimize Instantiated Primitives   : NO
Use Clock Enable                   : Yes
Use Synchronous Set                : Yes
Use Synchronous Reset              : Yes
Pack IO Registers into IOBs        : Auto
Equivalent register Removal        : YES

---- General Options
Optimization Goal                  : Speed
Optimization Effort                : 1
Keep Hierarchy                     : No
Netlist Hierarchy                  : As_Optimized
RTL Output                         : Yes
Global Optimization                : AllClockNets
Read Cores                         : YES
Write Timing Constraints           : NO
Cross Clock Analysis               : NO
Hierarchy Separator                : /
Bus Delimiter                      : <>
Case Specifier                     : Maintain
Slice Utilization Ratio            : 100
BRAM Utilization Ratio             : 100
Verilog 2001                       : YES
Auto BRAM Packing                  : NO
Slice Utilization Ratio Delta      : 5

=========================================================================


=========================================================================
*                          HDL Compilation                              *
=========================================================================
Compiling verilog file "SynCounter4bit_UpDown.v" in library work
Compiling verilog file "TickGen.v" in library work
Module <SynCounter4bit_UpDown> compiled
Compiling verilog file "Mux4to1_Tick.v" in library work
Module <TickGen> compiled
Compiling verilog file "Dem_BCD_0_31_UpDown.v" in library work
Module <Mux4to1_Tick> compiled
Compiling verilog file "Counter_System_Top.v" in library work
Module <Dem_BCD_0_31_UpDown> compiled
Module <Counter_System_Top> compiled
No errors in compilation
Analysis of file <"Counter_System_Top.prj"> succeeded.
 

=========================================================================
*                     Design Hierarchy Analysis                         *
=========================================================================
Analyzing hierarchy for module <Counter_System_Top> in library <work>.

Analyzing hierarchy for module <TickGen> in library <work> with parameters.
	M = "00000101111101011110000100000000"

Analyzing hierarchy for module <TickGen> in library <work> with parameters.
	M = "00000010111110101111000010000000"

Analyzing hierarchy for module <TickGen> in library <work> with parameters.
	M = "00000001011111010111100001000000"

Analyzing hierarchy for module <TickGen> in library <work> with parameters.
	M = "00000000010011000100101101000000"

Analyzing hierarchy for module <Mux4to1_Tick> in library <work>.

Analyzing hierarchy for module <Dem_BCD_0_31_UpDown> in library <work>.

Analyzing hierarchy for module <SynCounter4bit_UpDown> in library <work>.


=========================================================================
*                            HDL Analysis                               *
=========================================================================
Analyzing top module <Counter_System_Top>.
Module <Counter_System_Top> is correct for synthesis.
 
Analyzing module <TickGen.1> in library <work>.
	M = 32'sb00000101111101011110000100000000
Module <TickGen.1> is correct for synthesis.
 
Analyzing module <TickGen.2> in library <work>.
	M = 32'sb00000010111110101111000010000000
Module <TickGen.2> is correct for synthesis.
 
Analyzing module <TickGen.3> in library <work>.
	M = 32'sb00000001011111010111100001000000
Module <TickGen.3> is correct for synthesis.
 
Analyzing module <TickGen.4> in library <work>.
	M = 32'sb00000000010011000100101101000000
Module <TickGen.4> is correct for synthesis.
 
Analyzing module <Mux4to1_Tick> in library <work>.
Module <Mux4to1_Tick> is correct for synthesis.
 
Analyzing module <Dem_BCD_0_31_UpDown> in library <work>.
Module <Dem_BCD_0_31_UpDown> is correct for synthesis.
 
Analyzing module <SynCounter4bit_UpDown> in library <work>.
Module <SynCounter4bit_UpDown> is correct for synthesis.
 

=========================================================================
*                           HDL Synthesis                               *
=========================================================================

Performing bidirectional port resolution...

Synthesizing Unit <TickGen_1>.
    Related source file is "TickGen.v".
    Found 31-bit up counter for signal <r_reg>.
    Summary:
	inferred   1 Counter(s).
Unit <TickGen_1> synthesized.


Synthesizing Unit <TickGen_2>.
    Related source file is "TickGen.v".
    Found 31-bit up counter for signal <r_reg>.
    Summary:
	inferred   1 Counter(s).
Unit <TickGen_2> synthesized.


Synthesizing Unit <TickGen_3>.
    Related source file is "TickGen.v".
    Found 31-bit up counter for signal <r_reg>.
    Summary:
	inferred   1 Counter(s).
Unit <TickGen_3> synthesized.


Synthesizing Unit <TickGen_4>.
    Related source file is "TickGen.v".
    Found 31-bit up counter for signal <r_reg>.
    Summary:
	inferred   1 Counter(s).
Unit <TickGen_4> synthesized.


Synthesizing Unit <Mux4to1_Tick>.
    Related source file is "Mux4to1_Tick.v".
    Found 1-bit 4-to-1 multiplexer for signal <tick_out>.
    Summary:
	inferred   1 Multiplexer(s).
Unit <Mux4to1_Tick> synthesized.


Synthesizing Unit <SynCounter4bit_UpDown>.
    Related source file is "SynCounter4bit_UpDown.v".
    Found 4-bit register for signal <q>.
    Found 4-bit comparator equal for signal <carry$cmp_eq0000> created at line 50.
    Found 4-bit addsub for signal <q$share0000>.
    Summary:
	inferred   4 D-type flip-flop(s).
	inferred   1 Adder/Subtractor(s).
	inferred   1 Comparator(s).
Unit <SynCounter4bit_UpDown> synthesized.


Synthesizing Unit <Dem_BCD_0_31_UpDown>.
    Related source file is "Dem_BCD_0_31_UpDown.v".
    Found 1-bit register for signal <direction>.
    Summary:
	inferred   1 D-type flip-flop(s).
Unit <Dem_BCD_0_31_UpDown> synthesized.


Synthesizing Unit <Counter_System_Top>.
    Related source file is "Counter_System_Top.v".
Unit <Counter_System_Top> synthesized.

INFO:Xst:1767 - HDL ADVISOR - Resource sharing has identified that some arithmetic operations in this design can share the same physical resources for reduced device utilization. For improved clock frequency you may try to disable resource sharing.

=========================================================================
HDL Synthesis Report

Macro Statistics
# Adders/Subtractors                                   : 2
 4-bit addsub                                          : 2
# Counters                                             : 4
 31-bit up counter                                     : 4
# Registers                                            : 3
 1-bit register                                        : 1
 4-bit register                                        : 2
# Comparators                                          : 2
 4-bit comparator equal                                : 2
# Multiplexers                                         : 1
 1-bit 4-to-1 multiplexer                              : 1

=========================================================================

=========================================================================
*                       Advanced HDL Synthesis                          *
=========================================================================


=========================================================================
Advanced HDL Synthesis Report

Macro Statistics
# Adders/Subtractors                                   : 2
 4-bit addsub                                          : 2
# Counters                                             : 4
 31-bit up counter                                     : 4
# Registers                                            : 9
 Flip-Flops                                            : 9
# Comparators                                          : 2
 4-bit comparator equal                                : 2
# Multiplexers                                         : 1
 1-bit 4-to-1 multiplexer                              : 1

=========================================================================

=========================================================================
*                         Low Level Synthesis                           *
=========================================================================

Optimizing unit <Counter_System_Top> ...

Optimizing unit <SynCounter4bit_UpDown> ...

Mapping all equations...
Building and optimizing final netlist ...
Found area constraint ratio of 100 (+ 5) on block Counter_System_Top, actual ratio is 3.

Final Macro Processing ...

=========================================================================
Final Register Report

Macro Statistics
# Registers                                            : 133
 Flip-Flops                                            : 133

=========================================================================

=========================================================================
*                           Partition Report                            *
=========================================================================

Partition Implementation Status
-------------------------------

  No Partitions were found in this design.

-------------------------------

=========================================================================
*                            Final Report                               *
=========================================================================
Final Results
RTL Top Level Output File Name     : Counter_System_Top.ngr
Top Level Output File Name         : Counter_System_Top
Output Format                      : NGC
Optimization Goal                  : Speed
Keep Hierarchy                     : No

Design Statistics
# IOs                              : 13

Cell Usage :
# BELS                             : 586
#      GND                         : 1
#      INV                         : 6
#      LUT1                        : 120
#      LUT2                        : 125
#      LUT3                        : 6
#      LUT3_D                      : 1
#      LUT4                        : 43
#      LUT4_D                      : 2
#      LUT4_L                      : 2
#      MUXCY                       : 152
#      MUXF5                       : 3
#      VCC                         : 1
#      XORCY                       : 124
# FlipFlops/Latches                : 133
#      FDC                         : 124
#      FDCE                        : 8
#      FDPE                        : 1
# Clock Buffers                    : 1
#      BUFGP                       : 1
# IO Buffers                       : 12
#      IBUF                        : 4
#      OBUF                        : 8
=========================================================================

Device utilization summary:
---------------------------

Selected Device : 3s500efg320-4 

 Number of Slices:                      163  out of   4656     3%  
 Number of Slice Flip Flops:            133  out of   9312     1%  
 Number of 4 input LUTs:                305  out of   9312     3%  
 Number of IOs:                          13
 Number of bonded IOBs:                  13  out of    232     5%  
 Number of GCLKs:                         1  out of     24     4%  

---------------------------
Partition Resource Summary:
---------------------------

  No Partitions were found in this design.

---------------------------


=========================================================================
TIMING REPORT

NOTE: THESE TIMING NUMBERS ARE ONLY A SYNTHESIS ESTIMATE.
      FOR ACCURATE TIMING INFORMATION PLEASE REFER TO THE TRACE REPORT
      GENERATED AFTER PLACE-and-ROUTE.

Clock Information:
------------------
-----------------------------------+------------------------+-------+
Clock Signal                       | Clock buffer(FF name)  | Load  |
-----------------------------------+------------------------+-------+
clk                                | BUFGP                  | 133   |
-----------------------------------+------------------------+-------+

Asynchronous Control Signals Information:
----------------------------------------
-----------------------------------+------------------------+-------+
Control Signal                     | Buffer(FF name)        | Load  |
-----------------------------------+------------------------+-------+
btn_reset                          | IBUF                   | 133   |
-----------------------------------+------------------------+-------+

Timing Summary:
---------------
Speed Grade: -4

   Minimum period: 8.035ns (Maximum Frequency: 124.452MHz)
   Minimum input arrival time before clock: 5.384ns
   Maximum output required time after clock: 4.745ns
   Maximum combinational path delay: No path found

Timing Detail:
--------------
All values displayed in nanoseconds (ns)

=========================================================================
Timing constraint: Default period analysis for Clock 'clk'
  Clock period: 8.035ns (frequency: 124.452MHz)
  Total number of paths / destination ports: 7067 / 142
-------------------------------------------------------------------------
Delay:               8.035ns (Levels of Logic = 12)
  Source:            TickGen_05Hz/r_reg_8 (FF)
  Destination:       counter/count_0_3/q_3 (FF)
  Source Clock:      clk rising
  Destination Clock: clk rising

  Data Path: TickGen_05Hz/r_reg_8 to counter/count_0_3/q_3
                                Gate     Net
    Cell:in->out      fanout   Delay   Delay  Logical Name (Net Name)
    ----------------------------------------  ------------
     FDC:C->Q              2   0.591   0.622  TickGen_05Hz/r_reg_8 (TickGen_05Hz/r_reg_8)
     LUT3:I0->O            1   0.704   0.000  TickGen_05Hz/tick_wg_lut<0> (TickGen_05Hz/tick_wg_lut<0>)
     MUXCY:S->O            1   0.464   0.000  TickGen_05Hz/tick_wg_cy<0> (TickGen_05Hz/tick_wg_cy<0>)
     MUXCY:CI->O           1   0.059   0.000  TickGen_05Hz/tick_wg_cy<1> (TickGen_05Hz/tick_wg_cy<1>)
     MUXCY:CI->O           1   0.059   0.000  TickGen_05Hz/tick_wg_cy<2> (TickGen_05Hz/tick_wg_cy<2>)
     MUXCY:CI->O           1   0.059   0.000  TickGen_05Hz/tick_wg_cy<3> (TickGen_05Hz/tick_wg_cy<3>)
     MUXCY:CI->O           1   0.059   0.000  TickGen_05Hz/tick_wg_cy<4> (TickGen_05Hz/tick_wg_cy<4>)
     MUXCY:CI->O           1   0.059   0.000  TickGen_05Hz/tick_wg_cy<5> (TickGen_05Hz/tick_wg_cy<5>)
     MUXCY:CI->O           1   0.059   0.000  TickGen_05Hz/tick_wg_cy<6> (TickGen_05Hz/tick_wg_cy<6>)
     MUXCY:CI->O          32   0.459   1.297  TickGen_05Hz/tick_wg_cy<7> (TickGen_05Hz/tick_wg_cy<7>)
     LUT4:I2->O            1   0.704   0.000  enable_counter1_F (N10)
     MUXF5:I0->O           6   0.321   0.673  enable_counter1 (enable_counter)
     LUT4:I3->O            4   0.704   0.587  counter/_or00001 (counter/_or0000)
     FDCE:CE                   0.555          counter/count_0_3/q_0
    ----------------------------------------
    Total                      8.035ns (4.856ns logic, 3.179ns route)
                                       (60.4% logic, 39.6% route)

=========================================================================
Timing constraint: Default OFFSET IN BEFORE for Clock 'clk'
  Total number of paths / destination ports: 45 / 9
-------------------------------------------------------------------------
Offset:              5.384ns (Levels of Logic = 4)
  Source:            btn_pause (PAD)
  Destination:       counter/count_0_3/q_3 (FF)
  Destination Clock: clk rising

  Data Path: btn_pause to counter/count_0_3/q_3
                                Gate     Net
    Cell:in->out      fanout   Delay   Delay  Logical Name (Net Name)
    ----------------------------------------  ------------
     IBUF:I->O             2   1.218   0.622  btn_pause_IBUF (btn_pause_IBUF)
     LUT4:I0->O            1   0.704   0.000  enable_counter1_F (N10)
     MUXF5:I0->O           6   0.321   0.673  enable_counter1 (enable_counter)
     LUT4:I3->O            4   0.704   0.587  counter/_or00001 (counter/_or0000)
     FDCE:CE                   0.555          counter/count_0_3/q_0
    ----------------------------------------
    Total                      5.384ns (3.502ns logic, 1.882ns route)
                                       (65.0% logic, 35.0% route)

=========================================================================
Timing constraint: Default OFFSET OUT AFTER for Clock 'clk'
  Total number of paths / destination ports: 8 / 8
-------------------------------------------------------------------------
Offset:              4.745ns (Levels of Logic = 1)
  Source:            counter/count_0_3/q_0 (FF)
  Destination:       q1<0> (PAD)
  Source Clock:      clk rising

  Data Path: counter/count_0_3/q_0 to q1<0>
                                Gate     Net
    Cell:in->out      fanout   Delay   Delay  Logical Name (Net Name)
    ----------------------------------------  ------------
     FDCE:C->Q            10   0.591   0.882  counter/count_0_3/q_0 (counter/count_0_3/q_0)
     OBUF:I->O                 3.272          q1_0_OBUF (q1<0>)
    ----------------------------------------
    Total                      4.745ns (3.863ns logic, 0.882ns route)
                                       (81.4% logic, 18.6% route)

=========================================================================


Total REAL time to Xst completion: 4.00 secs
Total CPU time to Xst completion: 1.14 secs
 
--> 


Total memory usage is 612888 kilobytes

Number of errors   :    0 (   0 filtered)
Number of warnings :    0 (   0 filtered)
Number of infos    :    1 (   0 filtered)

