#-----------------------------------------------------------
# PlanAhead v14.7 (64-bit)
# Build 321239 by xbuild on Fri Sep 27 19:24:36 MDT 2013
# Start of session at: Tue Aug 26 07:04:12 2025
# Process ID: 4022
# Log file: /home/ise/Working_Space/Multiplexer4_1/planAhead_run_2/planAhead.log
# Journal file: /home/ise/Working_Space/Multiplexer4_1/planAhead_run_2/planAhead.jou
#-----------------------------------------------------------
INFO: [Common 17-78] Attempting to get a license: PlanAhead
INFO: [Common 17-290] Got license for PlanAhead
INFO: [Common 17-86] Your PlanAhead license expires in -3040 day(s)
INFO: [Device 21-36] Loading parts and site information from /opt/Xilinx/14.7/ISE_DS/PlanAhead/data/parts/arch.xml
Parsing RTL primitives file [/opt/Xilinx/14.7/ISE_DS/PlanAhead/data/parts/xilinx/rtl/prims/rtl_prims.xml]
Finished parsing RTL primitives file [/opt/Xilinx/14.7/ISE_DS/PlanAhead/data/parts/xilinx/rtl/prims/rtl_prims.xml]
start_gui
source /home/ise/Working_Space/Multiplexer4_1/pa.fromHdl.tcl
# create_project -name Multiplexer4_1 -dir "/home/ise/Working_Space/Multiplexer4_1/planAhead_run_2" -part xc3s500efg320-4
# set_param project.pinAheadLayout yes
# set srcset [get_property srcset [current_run -impl]]
# set_property target_constrs_file "Multiplexer4_1.ucf" [current_fileset -constrset]
Adding file '/home/ise/Working_Space/Multiplexer4_1/Multiplexer4_1.ucf' to fileset 'constrs_1'
# set hdlfile [add_files [list {Multiplexer4_1.v}]]
# set_property file_type Verilog $hdlfile
# set_property library work $hdlfile
# set_property top Multiplexer4_1 $srcset
# add_files [list {Multiplexer4_1.ucf}] -fileset [get_property constrset [current_run]]
# open_rtl_design -part xc3s500efg320-4
Using Verific elaboration
Parsing VHDL file "/opt/Xilinx/14.7/ISE_DS/PlanAhead/data/parts/xilinx/rtl/lib/synplify/synattr.vhd" into library synplify
Analyzing Verilog file "/home/ise/Working_Space/Multiplexer4_1/Multiplexer4_1.v" into library work
INFO: [Designutils 20-910] Reading macro library /opt/Xilinx/14.7/ISE_DS/PlanAhead/data/./parts/xilinx/spartan3e/spartan3e/hd_int_macros.edn
Parsing EDIF File [/opt/Xilinx/14.7/ISE_DS/PlanAhead/data/./parts/xilinx/spartan3e/spartan3e/hd_int_macros.edn]
Finished Parsing EDIF File [/opt/Xilinx/14.7/ISE_DS/PlanAhead/data/./parts/xilinx/spartan3e/spartan3e/hd_int_macros.edn]
Loading clock regions from /opt/Xilinx/14.7/ISE_DS/PlanAhead/data/parts/xilinx/spartan3e/spartan3e/xc3s500e/ClockRegion.xml
Loading clock buffers from /opt/Xilinx/14.7/ISE_DS/PlanAhead/data/parts/xilinx/spartan3e/spartan3e/xc3s500e/ClockBuffers.xml
Loading package from /opt/Xilinx/14.7/ISE_DS/PlanAhead/data/parts/xilinx/spartan3e/spartan3e/xc3s500e/fg320/Package.xml
Loading io standards from /opt/Xilinx/14.7/ISE_DS/PlanAhead/data/./parts/xilinx/spartan3e/IOStandards.xml
INFO: [Device 21-19] Loading pkg sso from /opt/Xilinx/14.7/ISE_DS/PlanAhead/data/parts/xilinx/spartan3e/spartan3e/xc3s500e/fg320/SSORules.xml
Loading list of drcs for the architecture : /opt/Xilinx/14.7/ISE_DS/PlanAhead/data/./parts/xilinx/spartan3e/spartan3e/drc.xml
INFO: [Timing 38-77] Reading timing library /opt/Xilinx/14.7/ISE_DS/PlanAhead/data/parts/xilinx/spartan3e/spartan3e/spartan3e-4.lib.
INFO: [Timing 38-34] Done reading timing library /opt/Xilinx/14.7/ISE_DS/PlanAhead/data/parts/xilinx/spartan3e/spartan3e/spartan3e-4.lib.
Parsing UCF File [/home/ise/Working_Space/Multiplexer4_1/Multiplexer4_1.ucf]
Finished Parsing UCF File [/home/ise/Working_Space/Multiplexer4_1/Multiplexer4_1.ucf]
INFO: [Project 1-111] Unisim Transformation Summary:
No Unisim elements were transformed.

Phase 0 | Netlist Checksum: 3ec591df
open_rtl_design: Time (s): cpu = 00:00:02 ; elapsed = 00:00:11 . Memory (MB): peak = 2758.605 ; gain = 102.199
update_compile_order -fileset sim_1
set_property iostandard LVCMOS33 [get_ports [list {i[3]} {i[2]} {i[1]} {i[0]}]]
set_property iostandard LVTTL [get_ports [list {i[3]} {i[2]} {i[1]} {i[0]}]]
set_property iostandard LVTTL [get_ports [list {s[1]} {s[0]}]]
set_property iostandard LVTTL [get_ports [list y]]
startgroup
set_property package_pin F12 [get_ports y]
endgroup
startgroup
set_property package_pin L14 [get_ports {s[1]}]
endgroup
startgroup
set_property package_pin L13 [get_ports {s[0]}]
endgroup
set_property pulltype PULLUP [get_ports [list {s[1]} {s[0]}]]
set_property pulltype PULLDOWN [get_ports [list {i[3]} {i[2]} {i[1]} {i[0]}]]
startgroup
set_property package_pin V4 [get_ports {i[3]}]
endgroup
startgroup
set_property package_pin K18 [get_ports {i[2]}]
endgroup
startgroup
set_property package_pin D18 [get_ports {i[2]}]
endgroup
startgroup
set_property package_pin K17 [get_ports {i[1]}]
endgroup
startgroup
set_property package_pin H13 [get_ports {i[0]}]
endgroup
save_constraints
exit
ERROR: [#UNDEF] *** Exception: ui.h.b: Found deleted key in HTclEventBroker. Verify if the classes listed here call cleanup()
HTclEvent: DEBUG_PORT_CONFIG_CHANGE   Classes: ui.views.aR 
HTclEvent: SIGNAL_BUS_MODIFY   Classes: ui.views.aR 
HTclEvent: DEBUG_CORE_CONFIG_CHANGE   Classes: ui.views.aR 
HTclEvent: SIGNAL_MODIFY   Classes: ui.views.aR 
 (See /home/ise/Working_Space/Multiplexer4_1/planAhead_pid4022.debug)
ERROR: [Common 17-39] 'stop_gui' failed due to earlier errors.
INFO: [Common 17-206] Exiting PlanAhead at Tue Aug 26 07:12:13 2025...
INFO: [Common 17-83] Releasing license: PlanAhead
