Release 14.7 - xst P.20131013 (lin64)
Copyright (c) 1995-2013 Xilinx, Inc.  All rights reserved.
--> 
Parameter TMPDIR set to xst/projnav.tmp


Total REAL time to Xst completion: 0.00 secs
Total CPU time to Xst completion: 0.02 secs
 
--> 
Parameter xsthdpdir set to xst


Total REAL time to Xst completion: 0.00 secs
Total CPU time to Xst completion: 0.02 secs
 
--> 
Reading design: Dem_0_9.prj

TABLE OF CONTENTS
  1) Synthesis Options Summary
  2) HDL Compilation
  3) Design Hierarchy Analysis
  4) HDL Analysis
  5) HDL Synthesis
     5.1) HDL Synthesis Report
  6) Advanced HDL Synthesis
     6.1) Advanced HDL Synthesis Report
  7) Low Level Synthesis
  8) Partition Report
  9) Final Report
	9.1) Device utilization summary
	9.2) Partition Resource Summary
	9.3) TIMING REPORT


=========================================================================
*                      Synthesis Options Summary                        *
=========================================================================
---- Source Parameters
Input File Name                    : "Dem_0_9.prj"
Input Format                       : mixed
Ignore Synthesis Constraint File   : NO

---- Target Parameters
Output File Name                   : "Dem_0_9"
Output Format                      : NGC
Target Device                      : xc3s500e-4-fg320

---- Source Options
Top Module Name                    : Dem_0_9
Automatic FSM Extraction           : YES
FSM Encoding Algorithm             : Auto
Safe Implementation                : No
FSM Style                          : LUT
RAM Extraction                     : Yes
RAM Style                          : Auto
ROM Extraction                     : Yes
Mux Style                          : Auto
Decoder Extraction                 : YES
Priority Encoder Extraction        : Yes
Shift Register Extraction          : YES
Logical Shifter Extraction         : YES
XOR Collapsing                     : YES
ROM Style                          : Auto
Mux Extraction                     : Yes
Resource Sharing                   : YES
Asynchronous To Synchronous        : NO
Multiplier Style                   : Auto
Automatic Register Balancing       : No

---- Target Options
Add IO Buffers                     : YES
Global Maximum Fanout              : 100000
Add Generic Clock Buffer(BUFG)     : 24
Register Duplication               : YES
Slice Packing                      : YES
Optimize Instantiated Primitives   : NO
Use Clock Enable                   : Yes
Use Synchronous Set                : Yes
Use Synchronous Reset              : Yes
Pack IO Registers into IOBs        : Auto
Equivalent register Removal        : YES

---- General Options
Optimization Goal                  : Speed
Optimization Effort                : 1
Keep Hierarchy                     : No
Netlist Hierarchy                  : As_Optimized
RTL Output                         : Yes
Global Optimization                : AllClockNets
Read Cores                         : YES
Write Timing Constraints           : NO
Cross Clock Analysis               : NO
Hierarchy Separator                : /
Bus Delimiter                      : <>
Case Specifier                     : Maintain
Slice Utilization Ratio            : 100
BRAM Utilization Ratio             : 100
Verilog 2001                       : YES
Auto BRAM Packing                  : NO
Slice Utilization Ratio Delta      : 5

=========================================================================


=========================================================================
*                          HDL Compilation                              *
=========================================================================
Compiling verilog file "clockDiv.v" in library work
Compiling verilog file "SynCounter4bit.v" in library work
Module <clockDiv> compiled
Compiling verilog file "Mux4_1.v" in library work
Module <SynCounter4bit> compiled
Compiling verilog file "gm_led_7doan.v" in library work
Module <Mux4_1> compiled
Compiling verilog file "ClockDivision.v" in library work
Module <gm_led_7doan> compiled
Compiling verilog file "Dem_0_9.v" in library work
Module <ClockDivision> compiled
Module <Dem_0_9> compiled
No errors in compilation
Analysis of file <"Dem_0_9.prj"> succeeded.
 

=========================================================================
*                     Design Hierarchy Analysis                         *
=========================================================================
Analyzing hierarchy for module <Dem_0_9> in library <work>.

Analyzing hierarchy for module <ClockDivision> in library <work>.

Analyzing hierarchy for module <Mux4_1> in library <work>.

Analyzing hierarchy for module <SynCounter4bit> in library <work>.

Analyzing hierarchy for module <gm_led_7doan> in library <work>.

Analyzing hierarchy for module <clockDiv> in library <work> with parameters.
	M = "00000101111101011110000100000000"

Analyzing hierarchy for module <clockDiv> in library <work> with parameters.
	M = "00000010111110101111000010000000"

Analyzing hierarchy for module <clockDiv> in library <work> with parameters.
	M = "00000001011111010111100001000000"


=========================================================================
*                            HDL Analysis                               *
=========================================================================
Analyzing top module <Dem_0_9>.
Module <Dem_0_9> is correct for synthesis.
 
Analyzing module <ClockDivision> in library <work>.
Module <ClockDivision> is correct for synthesis.
 
Analyzing module <clockDiv.1> in library <work>.
	M = 32'sb00000101111101011110000100000000
Module <clockDiv.1> is correct for synthesis.
 
Analyzing module <clockDiv.2> in library <work>.
	M = 32'sb00000010111110101111000010000000
Module <clockDiv.2> is correct for synthesis.
 
Analyzing module <clockDiv.3> in library <work>.
	M = 32'sb00000001011111010111100001000000
Module <clockDiv.3> is correct for synthesis.
 
Analyzing module <Mux4_1> in library <work>.
Module <Mux4_1> is correct for synthesis.
 
Analyzing module <SynCounter4bit> in library <work>.
Module <SynCounter4bit> is correct for synthesis.
 
Analyzing module <gm_led_7doan> in library <work>.
Module <gm_led_7doan> is correct for synthesis.
 

=========================================================================
*                           HDL Synthesis                               *
=========================================================================

Performing bidirectional port resolution...

Synthesizing Unit <Mux4_1>.
    Related source file is "Mux4_1.v".
Unit <Mux4_1> synthesized.


Synthesizing Unit <SynCounter4bit>.
    Related source file is "SynCounter4bit.v".
    Found 4-bit adder for signal <r_next$addsub0000> created at line 39.
    Found 4-bit register for signal <r_reg>.
    Summary:
	inferred   4 D-type flip-flop(s).
	inferred   1 Adder/Subtractor(s).
Unit <SynCounter4bit> synthesized.


Synthesizing Unit <gm_led_7doan>.
    Related source file is "gm_led_7doan.v".
    Found 16x7-bit ROM for signal <sseg>.
    Summary:
	inferred   1 ROM(s).
Unit <gm_led_7doan> synthesized.


Synthesizing Unit <clockDiv_1>.
    Related source file is "clockDiv.v".
    Found 31-bit comparator lessequal for signal <clko$cmp_le0000> created at line 37.
    Found 31-bit adder for signal <r_next$addsub0000> created at line 36.
    Found 31-bit register for signal <r_reg>.
    Summary:
	inferred  31 D-type flip-flop(s).
	inferred   1 Adder/Subtractor(s).
	inferred   1 Comparator(s).
Unit <clockDiv_1> synthesized.


Synthesizing Unit <clockDiv_2>.
    Related source file is "clockDiv.v".
    Found 31-bit comparator lessequal for signal <clko$cmp_le0000> created at line 37.
    Found 31-bit adder for signal <r_next$addsub0000> created at line 36.
    Found 31-bit register for signal <r_reg>.
    Summary:
	inferred  31 D-type flip-flop(s).
	inferred   1 Adder/Subtractor(s).
	inferred   1 Comparator(s).
Unit <clockDiv_2> synthesized.


Synthesizing Unit <clockDiv_3>.
    Related source file is "clockDiv.v".
    Found 31-bit comparator lessequal for signal <clko$cmp_le0000> created at line 37.
    Found 31-bit adder for signal <r_next$addsub0000> created at line 36.
    Found 31-bit register for signal <r_reg>.
    Summary:
	inferred  31 D-type flip-flop(s).
	inferred   1 Adder/Subtractor(s).
	inferred   1 Comparator(s).
Unit <clockDiv_3> synthesized.


Synthesizing Unit <ClockDivision>.
    Related source file is "ClockDivision.v".
Unit <ClockDivision> synthesized.


Synthesizing Unit <Dem_0_9>.
    Related source file is "Dem_0_9.v".
Unit <Dem_0_9> synthesized.


=========================================================================
HDL Synthesis Report

Macro Statistics
# ROMs                                                 : 1
 16x7-bit ROM                                          : 1
# Adders/Subtractors                                   : 4
 31-bit adder                                          : 3
 4-bit adder                                           : 1
# Registers                                            : 4
 31-bit register                                       : 3
 4-bit register                                        : 1
# Comparators                                          : 3
 31-bit comparator lessequal                           : 3

=========================================================================

=========================================================================
*                       Advanced HDL Synthesis                          *
=========================================================================


=========================================================================
Advanced HDL Synthesis Report

Macro Statistics
# ROMs                                                 : 1
 16x7-bit ROM                                          : 1
# Adders/Subtractors                                   : 4
 31-bit adder                                          : 3
 4-bit adder                                           : 1
# Registers                                            : 97
 Flip-Flops                                            : 97
# Comparators                                          : 3
 31-bit comparator lessequal                           : 3

=========================================================================

=========================================================================
*                         Low Level Synthesis                           *
=========================================================================

Optimizing unit <Dem_0_9> ...

Optimizing unit <SynCounter4bit> ...

Optimizing unit <clockDiv_1> ...

Optimizing unit <clockDiv_2> ...

Optimizing unit <clockDiv_3> ...

Mapping all equations...
Building and optimizing final netlist ...
Found area constraint ratio of 100 (+ 5) on block Dem_0_9, actual ratio is 1.

Final Macro Processing ...

=========================================================================
Final Register Report

Macro Statistics
# Registers                                            : 97
 Flip-Flops                                            : 97

=========================================================================

=========================================================================
*                           Partition Report                            *
=========================================================================

Partition Implementation Status
-------------------------------

  No Partitions were found in this design.

-------------------------------

=========================================================================
*                            Final Report                               *
=========================================================================
Final Results
RTL Top Level Output File Name     : Dem_0_9.ngr
Top Level Output File Name         : Dem_0_9
Output Format                      : NGC
Optimization Goal                  : Speed
Keep Hierarchy                     : No

Design Statistics
# IOs                              : 12

Cell Usage :
# BELS                             : 424
#      GND                         : 1
#      INV                         : 15
#      LUT1                        : 102
#      LUT2                        : 2
#      LUT3                        : 7
#      LUT4                        : 46
#      MUXCY                       : 156
#      MUXF5                       : 1
#      VCC                         : 1
#      XORCY                       : 93
# FlipFlops/Latches                : 97
#      FDC                         : 4
#      FDR                         : 93
# Clock Buffers                    : 1
#      BUFGP                       : 1
# IO Buffers                       : 11
#      IBUF                        : 4
#      OBUF                        : 7
=========================================================================

Device utilization summary:
---------------------------

Selected Device : 3s500efg320-4 

 Number of Slices:                       88  out of   4656     1%  
 Number of Slice Flip Flops:             97  out of   9312     1%  
 Number of 4 input LUTs:                172  out of   9312     1%  
 Number of IOs:                          12
 Number of bonded IOBs:                  12  out of    232     5%  
 Number of GCLKs:                         1  out of     24     4%  

---------------------------
Partition Resource Summary:
---------------------------

  No Partitions were found in this design.

---------------------------


=========================================================================
TIMING REPORT

NOTE: THESE TIMING NUMBERS ARE ONLY A SYNTHESIS ESTIMATE.
      FOR ACCURATE TIMING INFORMATION PLEASE REFER TO THE TRACE REPORT
      GENERATED AFTER PLACE-and-ROUTE.

Clock Information:
------------------
-----------------------------------+----------------------------+-------+
Clock Signal                       | Clock buffer(FF name)      | Load  |
-----------------------------------+----------------------------+-------+
clko_mux(Mux/Y:O)                  | NONE(*)(SynCounter/r_reg_3)| 4     |
clki                               | BUFGP                      | 93    |
-----------------------------------+----------------------------+-------+
(*) This 1 clock signal(s) are generated by combinatorial logic,
and XST is not able to identify which are the primary clock signals.
Please use the CLOCK_SIGNAL constraint to specify the clock signal(s) generated by combinatorial logic.
INFO:Xst:2169 - HDL ADVISOR - Some clock signals were not automatically buffered by XST with BUFG/BUFR resources. Please use the buffer_type constraint in order to insert these buffers to the clock signals to help prevent skew problems.

Asynchronous Control Signals Information:
----------------------------------------
-----------------------------------+------------------------+-------+
Control Signal                     | Buffer(FF name)        | Load  |
-----------------------------------+------------------------+-------+
rst_n                              | IBUF                   | 4     |
-----------------------------------+------------------------+-------+

Timing Summary:
---------------
Speed Grade: -4

   Minimum period: 5.323ns (Maximum Frequency: 187.868MHz)
   Minimum input arrival time before clock: No path found
   Maximum output required time after clock: 6.044ns
   Maximum combinational path delay: No path found

Timing Detail:
--------------
All values displayed in nanoseconds (ns)

=========================================================================
Timing constraint: Default period analysis for Clock 'clko_mux'
  Clock period: 2.956ns (frequency: 338.295MHz)
  Total number of paths / destination ports: 12 / 4
-------------------------------------------------------------------------
Delay:               2.956ns (Levels of Logic = 1)
  Source:            SynCounter/r_reg_0 (FF)
  Destination:       SynCounter/r_reg_0 (FF)
  Source Clock:      clko_mux rising
  Destination Clock: clko_mux rising

  Data Path: SynCounter/r_reg_0 to SynCounter/r_reg_0
                                Gate     Net
    Cell:in->out      fanout   Delay   Delay  Logical Name (Net Name)
    ----------------------------------------  ------------
     FDC:C->Q             11   0.591   0.933  SynCounter/r_reg_0 (SynCounter/r_reg_0)
     INV:I->O              1   0.704   0.420  SynCounter/r_next<0>1_INV_0 (SynCounter/r_next<0>)
     FDC:D                     0.308          SynCounter/r_reg_0
    ----------------------------------------
    Total                      2.956ns (1.603ns logic, 1.353ns route)
                                       (54.2% logic, 45.8% route)

=========================================================================
Timing constraint: Default period analysis for Clock 'clki'
  Clock period: 5.323ns (frequency: 187.868MHz)
  Total number of paths / destination ports: 4371 / 186
-------------------------------------------------------------------------
Delay:               5.323ns (Levels of Logic = 9)
  Source:            TickGen/cd0/r_reg_8 (FF)
  Destination:       TickGen/cd0/r_reg_30 (FF)
  Source Clock:      clki rising
  Destination Clock: clki rising

  Data Path: TickGen/cd0/r_reg_8 to TickGen/cd0/r_reg_30
                                Gate     Net
    Cell:in->out      fanout   Delay   Delay  Logical Name (Net Name)
    ----------------------------------------  ------------
     FDR:C->Q              3   0.591   0.706  TickGen/cd0/r_reg_8 (TickGen/cd0/r_reg_8)
     LUT3:I0->O            1   0.704   0.000  TickGen/cd0/r_next_cmp_eq0000_wg_lut<0> (TickGen/cd0/r_next_cmp_eq0000_wg_lut<0>)
     MUXCY:S->O            1   0.464   0.000  TickGen/cd0/r_next_cmp_eq0000_wg_cy<0> (TickGen/cd0/r_next_cmp_eq0000_wg_cy<0>)
     MUXCY:CI->O           1   0.059   0.000  TickGen/cd0/r_next_cmp_eq0000_wg_cy<1> (TickGen/cd0/r_next_cmp_eq0000_wg_cy<1>)
     MUXCY:CI->O           1   0.059   0.000  TickGen/cd0/r_next_cmp_eq0000_wg_cy<2> (TickGen/cd0/r_next_cmp_eq0000_wg_cy<2>)
     MUXCY:CI->O           1   0.059   0.000  TickGen/cd0/r_next_cmp_eq0000_wg_cy<3> (TickGen/cd0/r_next_cmp_eq0000_wg_cy<3>)
     MUXCY:CI->O           1   0.059   0.000  TickGen/cd0/r_next_cmp_eq0000_wg_cy<4> (TickGen/cd0/r_next_cmp_eq0000_wg_cy<4>)
     MUXCY:CI->O           1   0.059   0.000  TickGen/cd0/r_next_cmp_eq0000_wg_cy<5> (TickGen/cd0/r_next_cmp_eq0000_wg_cy<5>)
     MUXCY:CI->O           1   0.059   0.000  TickGen/cd0/r_next_cmp_eq0000_wg_cy<6> (TickGen/cd0/r_next_cmp_eq0000_wg_cy<6>)
     MUXCY:CI->O          31   0.331   1.262  TickGen/cd0/r_next_cmp_eq0000_wg_cy<7> (TickGen/cd0/r_next_cmp_eq0000)
     FDR:R                     0.911          TickGen/cd0/r_reg_30
    ----------------------------------------
    Total                      5.323ns (3.355ns logic, 1.968ns route)
                                       (63.0% logic, 37.0% route)

=========================================================================
Timing constraint: Default OFFSET OUT AFTER for Clock 'clko_mux'
  Total number of paths / destination ports: 28 / 7
-------------------------------------------------------------------------
Offset:              6.044ns (Levels of Logic = 2)
  Source:            SynCounter/r_reg_1 (FF)
  Destination:       sseg<6> (PAD)
  Source Clock:      clko_mux rising

  Data Path: SynCounter/r_reg_1 to sseg<6>
                                Gate     Net
    Cell:in->out      fanout   Delay   Delay  Logical Name (Net Name)
    ----------------------------------------  ------------
     FDC:C->Q             10   0.591   1.057  SynCounter/r_reg_1 (SynCounter/r_reg_1)
     LUT4:I0->O            1   0.704   0.420  gm/Mrom_sseg21 (sseg_2_OBUF)
     OBUF:I->O                 3.272          sseg_2_OBUF (sseg<2>)
    ----------------------------------------
    Total                      6.044ns (4.567ns logic, 1.477ns route)
                                       (75.6% logic, 24.4% route)

=========================================================================


Total REAL time to Xst completion: 3.00 secs
Total CPU time to Xst completion: 0.97 secs
 
--> 


Total memory usage is 610156 kilobytes

Number of errors   :    0 (   0 filtered)
Number of warnings :    0 (   0 filtered)
Number of infos    :    1 (   0 filtered)

