Running: /opt/Xilinx/14.7/ISE_DS/ISE/bin/lin64/unwrapped/fuse -intstyle ise -incremental -lib unisims_ver -lib unimacro_ver -lib xilinxcorelib_ver -o /home/ise/Working_Space/Week6/Auto_Counter_0_9/Testbench_Auto_Bidirectional_Counter_isim_beh.exe -prj /home/ise/Working_Space/Week6/Auto_Counter_0_9/Testbench_Auto_Bidirectional_Counter_beh.prj work.Testbench_Auto_Bidirectional_Counter work.glbl 
ISim P.20131013 (signature 0xfbc00daa)
Number of CPUs detected in this system: 1
Turning on mult-threading, number of parallel sub-compilation jobs: 0 
Determining compilation order of HDL files
Analyzing Verilog file "/home/ise/Working_Space/Week6/Auto_Counter_0_9/Auto_Bidirectional_Counter.v" into library work
Analyzing Verilog file "/home/ise/Working_Space/Week6/Auto_Counter_0_9/Testbench_Auto_Bidirectional_Counter.v" into library work
Analyzing Verilog file "/opt/Xilinx/14.7/ISE_DS/ISE//verilog/src/glbl.v" into library work
Starting static elaboration
Completed static elaboration
Fuse Memory Usage: 94924 KB
Fuse CPU Usage: 1020 ms
Compiling module Auto_Bidirectional_Counter
Compiling module Testbench_Auto_Bidirectional_Cou...
Compiling module glbl
Time Resolution for simulation is 1ps.
Compiled 3 Verilog Units
Built simulation executable /home/ise/Working_Space/Week6/Auto_Counter_0_9/Testbench_Auto_Bidirectional_Counter_isim_beh.exe
Fuse Memory Usage: 98028 KB
Fuse CPU Usage: 1030 ms
GCC CPU Usage: 170 ms
