--------------------------------------------------------------------------------
Release 14.7 Trace  (lin64)
Copyright (c) 1995-2013 Xilinx, Inc.  All rights reserved.

/opt/Xilinx/14.7/ISE_DS/ISE/bin/lin64/unwrapped/trce -intstyle ise -v 3 -s 4 -n
3 -fastpaths -xml Decoder3_8.twx Decoder3_8.ncd -o Decoder3_8.twr
Decoder3_8.pcf -ucf Decoder3_8.ucf

Design file:              Decoder3_8.ncd
Physical constraint file: Decoder3_8.pcf
Device,package,speed:     xc3s500e,fg320,-4 (PRODUCTION 1.27 2013-10-13)
Report level:             verbose report

Environment Variable      Effect 
--------------------      ------ 
NONE                      No environment variables were set
--------------------------------------------------------------------------------

INFO:Timing:2698 - No timing constraints found, doing default enumeration.
INFO:Timing:3412 - To improve timing, see the Timing Closure User Guide (UG612).
INFO:Timing:2752 - To get complete path coverage, use the unconstrained paths 
   option. All paths that are not constrained will be reported in the 
   unconstrained paths section(s) of the report.
INFO:Timing:3339 - The clock-to-out numbers in this timing report are based on 
   a 50 Ohm transmission line loading model.  For the details of this model, 
   and for more information on accounting for different loading conditions, 
   please see the device datasheet.
INFO:Timing:3390 - This architecture does not support a default System Jitter 
   value, please add SYSTEM_JITTER constraint to the UCF to modify the Clock 
   Uncertainty calculation.
INFO:Timing:3389 - This architecture does not support 'Discrete Jitter' and 
   'Phase Error' calculations, these terms will be zero in the Clock 
   Uncertainty calculation.  Please make appropriate modification to 
   SYSTEM_JITTER to account for the unsupported Discrete Jitter and Phase 
   Error.



Data Sheet report:
-----------------
All values displayed in nanoseconds (ns)

Pad to Pad
---------------+---------------+---------+
Source Pad     |Destination Pad|  Delay  |
---------------+---------------+---------+
E              |y<0>           |   10.485|
E              |y<1>           |   10.786|
E              |y<2>           |   10.269|
E              |y<3>           |   10.568|
E              |y<4>           |   10.418|
E              |y<5>           |   10.496|
E              |y<6>           |    9.781|
E              |y<7>           |    9.917|
w<0>           |y<0>           |    8.710|
w<0>           |y<1>           |    9.076|
w<0>           |y<2>           |    9.052|
w<0>           |y<3>           |    9.324|
w<0>           |y<4>           |    9.189|
w<0>           |y<5>           |    9.240|
w<0>           |y<6>           |    9.923|
w<0>           |y<7>           |   10.032|
w<1>           |y<0>           |    9.064|
w<1>           |y<1>           |    9.403|
w<1>           |y<2>           |    9.616|
w<1>           |y<3>           |    9.857|
w<1>           |y<4>           |    9.792|
w<1>           |y<5>           |    9.812|
w<1>           |y<6>           |   10.460|
w<1>           |y<7>           |   10.538|
w<2>           |y<0>           |    7.996|
w<2>           |y<1>           |    8.304|
w<2>           |y<2>           |    8.979|
w<2>           |y<3>           |    9.213|
w<2>           |y<4>           |    9.120|
w<2>           |y<5>           |    9.133|
w<2>           |y<6>           |    9.770|
w<2>           |y<7>           |    9.841|
---------------+---------------+---------+


Analysis completed Fri Aug 29 02:24:49 2025 
--------------------------------------------------------------------------------

Trace Settings:
-------------------------
Trace Settings 

Peak Memory Usage: 347 MB



