Running: /opt/Xilinx/14.7/ISE_DS/ISE/bin/lin64/unwrapped/fuse -intstyle ise -incremental -lib unisims_ver -lib unimacro_ver -lib xilinxcorelib_ver -o /home/ise/Working_Space/Chapter_2/Decoder2_4/Test_bench_Decoder2_4_isim_beh.exe -prj /home/ise/Working_Space/Chapter_2/Decoder2_4/Test_bench_Decoder2_4_beh.prj work.Test_bench_Decoder2_4 work.glbl 
ISim P.20131013 (signature 0xfbc00daa)
Number of CPUs detected in this system: 1
Turning on mult-threading, number of parallel sub-compilation jobs: 0 
Determining compilation order of HDL files
Analyzing Verilog file "/home/ise/Working_Space/Chapter_2/Decoder2_4/Decoder2_4.v" into library work
Analyzing Verilog file "/home/ise/Working_Space/Chapter_2/Decoder2_4/Test_bench_Decoder2_4.v" into library work
Analyzing Verilog file "/opt/Xilinx/14.7/ISE_DS/ISE//verilog/src/glbl.v" into library work
Starting static elaboration
Completed static elaboration
Fuse Memory Usage: 94924 KB
Fuse CPU Usage: 1000 ms
Compiling module Decoder2_4
Compiling module Test_bench_Decoder2_4
Compiling module glbl
Time Resolution for simulation is 1ps.
Compiled 3 Verilog Units
Built simulation executable /home/ise/Working_Space/Chapter_2/Decoder2_4/Test_bench_Decoder2_4_isim_beh.exe
Fuse Memory Usage: 98024 KB
Fuse CPU Usage: 1000 ms
GCC CPU Usage: 100 ms
