Running: /opt/Xilinx/14.7/ISE_DS/ISE/bin/lin64/unwrapped/fuse -intstyle ise -incremental -lib unisims_ver -lib unimacro_ver -lib xilinxcorelib_ver -o /home/ise/Working_Space/Chapter_2/KT_1/Testbench_KT_1_isim_beh.exe -prj /home/ise/Working_Space/Chapter_2/KT_1/Testbench_KT_1_beh.prj work.Testbench_KT_1 work.glbl 
ISim P.20131013 (signature 0xfbc00daa)
Number of CPUs detected in this system: 1
Turning on mult-threading, number of parallel sub-compilation jobs: 0 
Determining compilation order of HDL files
Analyzing Verilog file "/home/ise/Working_Space/Chapter_2/KT_1/Mux4_1_E_High.v" into library work
Analyzing Verilog file "/home/ise/Working_Space/Chapter_2/KT_1/Demux1_4_E_High.v" into library work
Analyzing Verilog file "/home/ise/Working_Space/Chapter_2/KT_1/KT_1.v" into library work
Analyzing Verilog file "/home/ise/Working_Space/Chapter_2/KT_1/Testbench_KT_1.v" into library work
Analyzing Verilog file "/opt/Xilinx/14.7/ISE_DS/ISE//verilog/src/glbl.v" into library work
Starting static elaboration
Completed static elaboration
Fuse Memory Usage: 94920 KB
Fuse CPU Usage: 990 ms
Compiling module Mux4_1_E_High
Compiling module Demux1_4_E_High
Compiling module KT_1
Compiling module Testbench_KT_1
Compiling module glbl
Time Resolution for simulation is 1ps.
Compiled 5 Verilog Units
Built simulation executable /home/ise/Working_Space/Chapter_2/KT_1/Testbench_KT_1_isim_beh.exe
Fuse Memory Usage: 98044 KB
Fuse CPU Usage: 1000 ms
GCC CPU Usage: 140 ms
