--------------------------------------------------------------------------------
Release 14.7 Trace  (lin64)
Copyright (c) 1995-2013 Xilinx, Inc.  All rights reserved.

/opt/Xilinx/14.7/ISE_DS/ISE/bin/lin64/unwrapped/trce -intstyle ise -v 3 -s 4 -n
3 -fastpaths -xml KT_1.twx KT_1.ncd -o KT_1.twr KT_1.pcf -ucf KT_1.ucf

Design file:              KT_1.ncd
Physical constraint file: KT_1.pcf
Device,package,speed:     xc3s500e,fg320,-4 (PRODUCTION 1.27 2013-10-13)
Report level:             verbose report

Environment Variable      Effect 
--------------------      ------ 
NONE                      No environment variables were set
--------------------------------------------------------------------------------

INFO:Timing:2698 - No timing constraints found, doing default enumeration.
INFO:Timing:3412 - To improve timing, see the Timing Closure User Guide (UG612).
INFO:Timing:2752 - To get complete path coverage, use the unconstrained paths 
   option. All paths that are not constrained will be reported in the 
   unconstrained paths section(s) of the report.
INFO:Timing:3339 - The clock-to-out numbers in this timing report are based on 
   a 50 Ohm transmission line loading model.  For the details of this model, 
   and for more information on accounting for different loading conditions, 
   please see the device datasheet.
INFO:Timing:3390 - This architecture does not support a default System Jitter 
   value, please add SYSTEM_JITTER constraint to the UCF to modify the Clock 
   Uncertainty calculation.
INFO:Timing:3389 - This architecture does not support 'Discrete Jitter' and 
   'Phase Error' calculations, these terms will be zero in the Clock 
   Uncertainty calculation.  Please make appropriate modification to 
   SYSTEM_JITTER to account for the unsupported Discrete Jitter and Phase 
   Error.



Data Sheet report:
-----------------
All values displayed in nanoseconds (ns)

Pad to Pad
---------------+---------------+---------+
Source Pad     |Destination Pad|  Delay  |
---------------+---------------+---------+
A              |Ym             |   12.599|
B              |Ydm<0>         |    9.079|
B              |Ydm<1>         |    9.020|
B              |Ydm<2>         |    9.646|
B              |Ydm<3>         |   10.037|
Idm            |Ydm<0>         |    9.465|
Idm            |Ydm<1>         |    9.399|
Idm            |Ydm<2>         |    9.868|
Idm            |Ydm<3>         |   10.234|
Im<0>          |Ym             |    9.661|
Im<1>          |Ym             |   10.052|
Im<2>          |Ym             |   11.016|
Im<3>          |Ym             |   10.591|
S<0>           |Ydm<0>         |    8.783|
S<0>           |Ydm<1>         |    8.782|
S<0>           |Ydm<2>         |    9.241|
S<0>           |Ydm<3>         |    9.672|
S<0>           |Ym             |   11.174|
S<1>           |Ydm<0>         |   10.844|
S<1>           |Ydm<1>         |   10.816|
S<1>           |Ydm<2>         |   11.454|
S<1>           |Ydm<3>         |   11.880|
S<1>           |Ym             |   10.549|
---------------+---------------+---------+


Analysis completed Fri Sep 12 03:54:12 2025 
--------------------------------------------------------------------------------

Trace Settings:
-------------------------
Trace Settings 

Peak Memory Usage: 347 MB



