#-----------------------------------------------------------
# PlanAhead v14.7 (64-bit)
# Build 321239 by xbuild on Fri Sep 27 19:24:36 MDT 2013
# Start of session at: Sun Sep 21 03:12:59 2025
# Process ID: 2674
# Log file: /home/ise/Working_Space/Week5/clockDiv_1Hz/planAhead_run_1/planAhead.log
# Journal file: /home/ise/Working_Space/Week5/clockDiv_1Hz/planAhead_run_1/planAhead.jou
#-----------------------------------------------------------
INFO: [Common 17-78] Attempting to get a license: PlanAhead
INFO: [Common 17-290] Got license for PlanAhead
INFO: [Common 17-86] Your PlanAhead license expires in -3066 day(s)
INFO: [Device 21-36] Loading parts and site information from /opt/Xilinx/14.7/ISE_DS/PlanAhead/data/parts/arch.xml
Parsing RTL primitives file [/opt/Xilinx/14.7/ISE_DS/PlanAhead/data/parts/xilinx/rtl/prims/rtl_prims.xml]
Finished parsing RTL primitives file [/opt/Xilinx/14.7/ISE_DS/PlanAhead/data/parts/xilinx/rtl/prims/rtl_prims.xml]
start_gui
source /home/ise/Working_Space/Week5/clockDiv_1Hz/pa.fromHdl.tcl
# create_project -name clockDiv_1Hz -dir "/home/ise/Working_Space/Week5/clockDiv_1Hz/planAhead_run_1" -part xc3s500efg320-4
# set_param project.pinAheadLayout yes
# set srcset [get_property srcset [current_run -impl]]
# set_property target_constrs_file "clockDiv_1Hz.ucf" [current_fileset -constrset]
Adding file '/home/ise/Working_Space/Week5/clockDiv_1Hz/clockDiv_1Hz.ucf' to fileset 'constrs_1'
# set hdlfile [add_files [list {clockDiv_1Hz.v}]]
# set_property file_type Verilog $hdlfile
# set_property library work $hdlfile
# set_property top clockDiv_1Hz $srcset
# add_files [list {clockDiv_1Hz.ucf}] -fileset [get_property constrset [current_run]]
# open_rtl_design -part xc3s500efg320-4
Using Verific elaboration
Parsing VHDL file "/opt/Xilinx/14.7/ISE_DS/PlanAhead/data/parts/xilinx/rtl/lib/synplify/synattr.vhd" into library synplify
Analyzing Verilog file "/home/ise/Working_Space/Week5/clockDiv_1Hz/clockDiv_1Hz.v" into library work
INFO: [Designutils 20-910] Reading macro library /opt/Xilinx/14.7/ISE_DS/PlanAhead/data/./parts/xilinx/spartan3e/spartan3e/hd_int_macros.edn
Parsing EDIF File [/opt/Xilinx/14.7/ISE_DS/PlanAhead/data/./parts/xilinx/spartan3e/spartan3e/hd_int_macros.edn]
Finished Parsing EDIF File [/opt/Xilinx/14.7/ISE_DS/PlanAhead/data/./parts/xilinx/spartan3e/spartan3e/hd_int_macros.edn]
Loading clock regions from /opt/Xilinx/14.7/ISE_DS/PlanAhead/data/parts/xilinx/spartan3e/spartan3e/xc3s500e/ClockRegion.xml
Loading clock buffers from /opt/Xilinx/14.7/ISE_DS/PlanAhead/data/parts/xilinx/spartan3e/spartan3e/xc3s500e/ClockBuffers.xml
Loading package from /opt/Xilinx/14.7/ISE_DS/PlanAhead/data/parts/xilinx/spartan3e/spartan3e/xc3s500e/fg320/Package.xml
Loading io standards from /opt/Xilinx/14.7/ISE_DS/PlanAhead/data/./parts/xilinx/spartan3e/IOStandards.xml
INFO: [Device 21-19] Loading pkg sso from /opt/Xilinx/14.7/ISE_DS/PlanAhead/data/parts/xilinx/spartan3e/spartan3e/xc3s500e/fg320/SSORules.xml
Loading list of drcs for the architecture : /opt/Xilinx/14.7/ISE_DS/PlanAhead/data/./parts/xilinx/spartan3e/spartan3e/drc.xml
INFO: [Timing 38-77] Reading timing library /opt/Xilinx/14.7/ISE_DS/PlanAhead/data/parts/xilinx/spartan3e/spartan3e/spartan3e-4.lib.
INFO: [Timing 38-34] Done reading timing library /opt/Xilinx/14.7/ISE_DS/PlanAhead/data/parts/xilinx/spartan3e/spartan3e/spartan3e-4.lib.
Parsing UCF File [/home/ise/Working_Space/Week5/clockDiv_1Hz/clockDiv_1Hz.ucf]
Finished Parsing UCF File [/home/ise/Working_Space/Week5/clockDiv_1Hz/clockDiv_1Hz.ucf]
INFO: [Project 1-111] Unisim Transformation Summary:
No Unisim elements were transformed.

Phase 0 | Netlist Checksum: 6e9599a7
open_rtl_design: Time (s): cpu = 00:00:01 ; elapsed = 00:00:06 . Memory (MB): peak = 2760.828 ; gain = 96.730
update_compile_order -fileset sim_1
startgroup
set_property package_pin C9 [get_ports clki]
endgroup
set_property iostandard LVTTL [get_ports [list clki]]
set_property iostandard LVTTL [get_ports [list clko]]
startgroup
set_property package_pin F12 [get_ports clko]
endgroup
save_constraints
exit
ERROR: [#UNDEF] *** Exception: ui.h.b: Found deleted key in HTclEventBroker. Verify if the classes listed here call cleanup()
HTclEvent: DEBUG_PORT_CONFIG_CHANGE   Classes: ui.views.aR 
HTclEvent: SIGNAL_BUS_MODIFY   Classes: ui.views.aR 
HTclEvent: DEBUG_CORE_CONFIG_CHANGE   Classes: ui.views.aR 
HTclEvent: SIGNAL_MODIFY   Classes: ui.views.aR 
 (See /home/ise/Working_Space/Week5/clockDiv_1Hz/planAhead_pid2674.debug)
ERROR: [Common 17-39] 'stop_gui' failed due to earlier errors.
INFO: [Common 17-206] Exiting PlanAhead at Sun Sep 21 03:14:14 2025...
INFO: [Common 17-83] Releasing license: PlanAhead
