--------------------------------------------------------------------------------
Release 14.7 Trace  (lin64)
Copyright (c) 1995-2013 Xilinx, Inc.  All rights reserved.

/opt/Xilinx/14.7/ISE_DS/ISE/bin/lin64/unwrapped/trce -intstyle ise -v 3 -s 4 -n
3 -fastpaths -xml Dem_BCD_0_59.twx Dem_BCD_0_59.ncd -o Dem_BCD_0_59.twr
Dem_BCD_0_59.pcf -ucf Dem_BCD_0_59.ucf

Design file:              Dem_BCD_0_59.ncd
Physical constraint file: Dem_BCD_0_59.pcf
Device,package,speed:     xc3s500e,fg320,-4 (PRODUCTION 1.27 2013-10-13)
Report level:             verbose report

Environment Variable      Effect 
--------------------      ------ 
NONE                      No environment variables were set
--------------------------------------------------------------------------------

INFO:Timing:2698 - No timing constraints found, doing default enumeration.
INFO:Timing:3412 - To improve timing, see the Timing Closure User Guide (UG612).
INFO:Timing:2752 - To get complete path coverage, use the unconstrained paths 
   option. All paths that are not constrained will be reported in the 
   unconstrained paths section(s) of the report.
INFO:Timing:3339 - The clock-to-out numbers in this timing report are based on 
   a 50 Ohm transmission line loading model.  For the details of this model, 
   and for more information on accounting for different loading conditions, 
   please see the device datasheet.
INFO:Timing:3390 - This architecture does not support a default System Jitter 
   value, please add SYSTEM_JITTER constraint to the UCF to modify the Clock 
   Uncertainty calculation.
INFO:Timing:3389 - This architecture does not support 'Discrete Jitter' and 
   'Phase Error' calculations, these terms will be zero in the Clock 
   Uncertainty calculation.  Please make appropriate modification to 
   SYSTEM_JITTER to account for the unsupported Discrete Jitter and Phase 
   Error.



Data Sheet report:
-----------------
All values displayed in nanoseconds (ns)

Clock clk to Pad
------------+------------+------------------+--------+
            | clk (edge) |                  | Clock  |
Destination |   to PAD   |Internal Clock(s) | Phase  |
------------+------------+------------------+--------+
q0<0>       |    8.677(R)|clk_BUFGP         |   0.000|
q0<1>       |    8.872(R)|clk_BUFGP         |   0.000|
q0<2>       |    8.666(R)|clk_BUFGP         |   0.000|
q0<3>       |    8.592(R)|clk_BUFGP         |   0.000|
q1<0>       |    9.089(R)|clk_BUFGP         |   0.000|
q1<1>       |    9.047(R)|clk_BUFGP         |   0.000|
q1<2>       |    9.374(R)|clk_BUFGP         |   0.000|
q1<3>       |    8.627(R)|clk_BUFGP         |   0.000|
------------+------------+------------------+--------+

Clock to Setup on destination clock clk
---------------+---------+---------+---------+---------+
               | Src:Rise| Src:Fall| Src:Rise| Src:Fall|
Source Clock   |Dest:Rise|Dest:Rise|Dest:Fall|Dest:Fall|
---------------+---------+---------+---------+---------+
clk            |    6.825|         |         |         |
---------------+---------+---------+---------+---------+


Analysis completed Fri Oct  3 02:11:04 2025 
--------------------------------------------------------------------------------

Trace Settings:
-------------------------
Trace Settings 

Peak Memory Usage: 347 MB



